-------------------------------------------
Batch: 0
-------------------------------------------
+---------+--------------------+
|      key|               value|
+---------+--------------------+
| 71981838|             Georgia|
|573564642|              Brazil|
|383790700|              Uganda|
|289253145|              Uganda|
|608933092|                Iraq|
|976451995|              Uganda|
|209870809|              France|
|526846577|            Thailand|
|454556461|United Arab Emirates|
|448520091|              Brazil|
|383457928|              Uganda|
|869213757|             Alabama|
|924317448|                Iraq|
|328213833|              France|
|666382975|              Jordan|
|430495304|               China|
|654372446|              France|
|919572319|              Brazil|
|487041338|        South Africa|
|924800850|               Syria|
+---------+--------------------+
only showing top 20 rows

-------------------------------------------
Batch: 1
-------------------------------------------
+---------+------+
|      key| value|
+---------+------+
|328213833|France|
|666382975|Jordan|
|430495304| China|
+---------+------+

-------------------------------------------
Batch: 2
-------------------------------------------
+---------+------+
|      key| value|
+---------+------+
|654372446|France|
+---------+------+

-------------------------------------------
Batch: 3
-------------------------------------------
+---------+------+
|      key| value|
+---------+------+
|919572319|Brazil|
+---------+------+

-------------------------------------------
Batch: 4
-------------------------------------------
+---------+------------+
|      key|       value|
+---------+------------+
|487041338|South Africa|
+---------+------------+

-------------------------------------------
Batch: 5
-------------------------------------------
+---------+-----+
|      key|value|
+---------+-----+
|924800850|Syria|
+---------+-----+

-------------------------------------------
Batch: 6
-------------------------------------------
+---------+-----------+
|      key|      value|
+---------+-----------+
|616597517|Phillipines|
+---------+-----------+

-------------------------------------------
Batch: 7
-------------------------------------------
+---------+-----+
|      key|value|
+---------+-----+
|241325569|Syria|
+---------+-----+

