-------------------------------------------
Batch: 0
-------------------------------------------
+-------------+----------+------------+-----------+--------------------+-------------+------------+------------+
|reservationId|customerId|customerName|truckNumber|     reservationDate|checkInStatus|      origin| destination|
+-------------+----------+------------+-----------+--------------------+-------------+------------+------------+
|1603563767823| 886289112|   886289112|       2018|2020-10-24T18:22:...|   CheckedOut|     Indiana|     Arizona|
|1603563767830| 636950224|   636950224|       9416|2020-10-24T18:22:...|   CheckedOut|      Canada|     Indiana|
|1603563767831| 671896670|   671896670|       9934|2020-10-24T18:22:...|   CheckedOut|       Texas|     Colardo|
|1603563767832| 702382846|   702382846|       9659|2020-10-24T18:22:...|   CheckedOut|   Tennessee|  New Mexico|
|1603563767841| 876375238|   876375238|       9651|2020-10-24T18:22:...|   CheckedOut|     Indiana|     Alabama|
|1603563767845| 504745396|   504745396|       1047|2020-10-24T18:22:...|   CheckedOut|South Dakota|  New Mexico|
|1603563767846| 757865636|   757865636|       1239|2020-10-24T18:22:...|   CheckedOut|   Tennessee|     Colardo|
|1603563767848| 580891888|   580891888|       6580|2020-10-24T18:22:...|   CheckedOut|South Dakota|   Wisconsin|
|1603563767849| 785046062|   785046062|       1635|2020-10-24T18:22:...|   CheckedOut|     Arizona|Pennsylvania|
|1603563767851| 251456224|   251456224|       4618|2020-10-24T18:22:...|   CheckedOut|     Georgia|    Illinois|
|1603563767852| 225499097|   225499097|       7095|2020-10-24T18:22:...|   CheckedOut|      Canada|        Iowa|
|1603563767853| 761060307|   761060307|        612|2020-10-24T18:22:...|   CheckedOut|    Maryland|  New Mexico|
|1603563767855| 310126491|   310126491|       4618|2020-10-24T18:22:...|   CheckedOut|   Wisconsin|       Texas|
|1603563767856| 523402126|   523402126|       6580|2020-10-24T18:22:...|   CheckedOut|Pennsylvania|    Maryland|
|1603563767858| 511971599|   511971599|        612|2020-10-24T18:22:...|   CheckedOut|      Canada|      Nevada|
|1603563767859| 807768249|   807768249|        612|2020-10-24T18:22:...|   CheckedOut|     Colardo|     Indiana|
|1603563767860| 664383131|   664383131|       5895|2020-10-24T18:22:...|   CheckedOut|     Colardo|      Nevada|
|1603563767862| 943943213|   943943213|        400|2020-10-24T18:22:...|   CheckedOut|    Illinois|      Canada|
|1603563767864| 816720642|   816720642|       9651|2020-10-24T18:22:...|   CheckedOut|     Florida|    Maryland|
|1603563767866| 600365515|   600365515|       2096|2020-10-24T18:22:...|   CheckedOut|     Indiana|     Alabama|
+-------------+----------+------------+-----------+--------------------+-------------+------------+------------+
only showing top 20 rows

-------------------------------------------
Batch: 1
-------------------------------------------
+-------------+----------+------------+-----------+---------------+-------------+------+-----------+
|reservationId|customerId|customerName|truckNumber|reservationDate|checkInStatus|origin|destination|
+-------------+----------+------------+-----------+---------------+-------------+------+-----------+
+-------------+----------+------------+-----------+---------------+-------------+------+-----------+

