Spark Command: /usr/lib/jvm/java-8-openjdk-amd64/jre/bin/java -cp /data/spark/conf/:/data/spark/jars/* -Xmx1g org.apache.spark.deploy.master.Master --host 95122cda8294 --port 7077 --webui-port 8080
========================================
Using Spark's default log4j profile: org/apache/spark/log4j-defaults.properties
20/10/09 13:33:11 INFO Master: Started daemon with process name: 1558@95122cda8294
20/10/09 13:33:11 INFO SignalUtils: Registered signal handler for TERM
20/10/09 13:33:11 INFO SignalUtils: Registered signal handler for HUP
20/10/09 13:33:11 INFO SignalUtils: Registered signal handler for INT
20/10/09 13:33:12 WARN NativeCodeLoader: Unable to load native-hadoop library for your platform... using builtin-java classes where applicable
20/10/09 13:33:13 INFO SecurityManager: Changing view acls to: root
20/10/09 13:33:13 INFO SecurityManager: Changing modify acls to: root
20/10/09 13:33:13 INFO SecurityManager: Changing view acls groups to: 
20/10/09 13:33:13 INFO SecurityManager: Changing modify acls groups to: 
20/10/09 13:33:13 INFO SecurityManager: SecurityManager: authentication disabled; ui acls disabled; users  with view permissions: Set(root); groups with view permissions: Set(); users  with modify permissions: Set(root); groups with modify permissions: Set()
20/10/09 13:33:14 INFO Utils: Successfully started service 'sparkMaster' on port 7077.
20/10/09 13:33:14 INFO Master: Starting Spark master at spark://95122cda8294:7077
20/10/09 13:33:14 INFO Master: Running Spark version 2.4.6
20/10/09 13:33:14 INFO Utils: Successfully started service 'MasterUI' on port 8080.
20/10/09 13:33:14 INFO MasterWebUI: Bound MasterWebUI to 0.0.0.0, and started at http://95122cda8294:8080
20/10/09 13:33:15 INFO Master: I have been elected leader! New state: ALIVE
20/10/09 13:33:26 INFO Master: Registering worker 172.18.0.2:45199 with 2 cores, 6.3 GB RAM
