Spark Command: /usr/lib/jvm/java-8-openjdk-amd64/jre/bin/java -cp /data/spark/conf/:/data/spark/jars/* -Xmx1g org.apache.spark.deploy.worker.Worker --webui-port 8081 spark://3895e8ecfafc:7077
========================================
Using Spark's default log4j profile: org/apache/spark/log4j-defaults.properties
20/10/05 14:09:42 INFO Worker: Started daemon with process name: 1637@3895e8ecfafc
20/10/05 14:09:42 INFO SignalUtils: Registered signal handler for TERM
20/10/05 14:09:42 INFO SignalUtils: Registered signal handler for HUP
20/10/05 14:09:42 INFO SignalUtils: Registered signal handler for INT
20/10/05 14:09:43 WARN NativeCodeLoader: Unable to load native-hadoop library for your platform... using builtin-java classes where applicable
20/10/05 14:09:44 INFO SecurityManager: Changing view acls to: root
20/10/05 14:09:44 INFO SecurityManager: Changing modify acls to: root
20/10/05 14:09:44 INFO SecurityManager: Changing view acls groups to: 
20/10/05 14:09:44 INFO SecurityManager: Changing modify acls groups to: 
20/10/05 14:09:44 INFO SecurityManager: SecurityManager: authentication disabled; ui acls disabled; users  with view permissions: Set(root); groups with view permissions: Set(); users  with modify permissions: Set(root); groups with modify permissions: Set()
20/10/05 14:09:44 INFO Utils: Successfully started service 'sparkWorker' on port 46865.
20/10/05 14:09:45 INFO Worker: Starting Spark worker 172.18.0.2:46865 with 2 cores, 6.3 GB RAM
20/10/05 14:09:45 INFO Worker: Running Spark version 2.4.6
20/10/05 14:09:45 INFO Worker: Spark home: /data/spark
20/10/05 14:09:45 WARN Utils: Service 'WorkerUI' could not bind on port 8081. Attempting port 8082.
20/10/05 14:09:45 WARN Utils: Service 'WorkerUI' could not bind on port 8082. Attempting port 8083.
20/10/05 14:09:45 WARN Utils: Service 'WorkerUI' could not bind on port 8083. Attempting port 8084.
20/10/05 14:09:45 INFO Utils: Successfully started service 'WorkerUI' on port 8084.
20/10/05 14:09:45 INFO WorkerWebUI: Bound WorkerWebUI to 0.0.0.0, and started at http://3895e8ecfafc:8084
20/10/05 14:09:46 INFO Worker: Connecting to master 3895e8ecfafc:7077...
20/10/05 14:09:46 INFO TransportClientFactory: Successfully created connection to 3895e8ecfafc/172.18.0.2:7077 after 81 ms (0 ms spent in bootstraps)
20/10/05 14:09:46 INFO Worker: Successfully registered with master spark://3895e8ecfafc:7077
