-------------------------------------------
Batch: 0
-------------------------------------------
+-----------------+------------+-------------+---------------+-------------+------------+------------------+------+
|statusTruckNumber| destination|milesFromShop|odometerReading|reservationId|locationName|checkinTruckNumber|status|
+-----------------+------------+-------------+---------------+-------------+------------+------------------+------+
|             1445|Pennsylvania|          447|         297465|1602364379489|    Michigan|              1445|    In|
|             1445|Pennsylvania|          446|         297546|1602364379489|    Michigan|              1445|    In|
|             1445|Pennsylvania|          444|         297634|1602364379489|    Michigan|              1445|    In|
|             1445|     Colardo|          444|         297640|1602364379489|    Michigan|              1445|    In|
|             1445|       Texas|          443|         297677|1602364379489|    Michigan|              1445|    In|
|             1445|Pennsylvania|          443|         297694|1602364379489|    Michigan|              1445|    In|
|             1445|     Colardo|          442|         297719|1602364379489|    Michigan|              1445|    In|
|             1445|Pennsylvania|          441|         297811|1602364379489|    Michigan|              1445|    In|
|             1445|       Texas|          440|         297860|1602364379489|    Michigan|              1445|    In|
|             1445|Pennsylvania|          440|         297955|1602364379489|    Michigan|              1445|    In|
|             1445|     Colardo|          439|         298038|1602364379489|    Michigan|              1445|    In|
|             1445|    Maryland|          439|         298094|1602364379489|    Michigan|              1445|    In|
|             1445|       Texas|          439|         298185|1602364379489|    Michigan|              1445|    In|
|             1445|    Maryland|          439|         298234|1602364379489|    Michigan|              1445|    In|
|             1445|      Nevada|          438|         298288|1602364379489|    Michigan|              1445|    In|
|             1445|   Louisiana|          438|         298369|1602364379489|    Michigan|              1445|    In|
|             1445|       Texas|          438|         298420|1602364379489|    Michigan|              1445|    In|
|             1445|       Texas|          436|         298471|1602364379489|    Michigan|              1445|    In|
|             1445|  New Mexico|          436|         298473|1602364379489|    Michigan|              1445|    In|
|             1445|       Texas|          434|         298492|1602364379489|    Michigan|              1445|    In|
+-----------------+------------+-------------+---------------+-------------+------------+------------------+------+
only showing top 20 rows

-------------------------------------------
Batch: 1
-------------------------------------------
+-----------------+------------+-------------+---------------+-------------+------------+------------------+------+
|statusTruckNumber| destination|milesFromShop|odometerReading|reservationId|locationName|checkinTruckNumber|status|
+-----------------+------------+-------------+---------------+-------------+------------+------------------+------+
|             1445|Pennsylvania|          447|         297465|1602366393677|        Iowa|              1445|    In|
|             1445|Pennsylvania|          446|         297546|1602366393677|        Iowa|              1445|    In|
|             1445|Pennsylvania|          444|         297634|1602366393677|        Iowa|              1445|    In|
|             1445|     Colardo|          444|         297640|1602366393677|        Iowa|              1445|    In|
|             1445|       Texas|          443|         297677|1602366393677|        Iowa|              1445|    In|
|             1445|Pennsylvania|          443|         297694|1602366393677|        Iowa|              1445|    In|
|             1445|     Colardo|          442|         297719|1602366393677|        Iowa|              1445|    In|
|             1445|Pennsylvania|          441|         297811|1602366393677|        Iowa|              1445|    In|
|             1445|       Texas|          440|         297860|1602366393677|        Iowa|              1445|    In|
|             1445|Pennsylvania|          440|         297955|1602366393677|        Iowa|              1445|    In|
|             1445|     Colardo|          439|         298038|1602366393677|        Iowa|              1445|    In|
|             1445|    Maryland|          439|         298094|1602366393677|        Iowa|              1445|    In|
|             1445|       Texas|          439|         298185|1602366393677|        Iowa|              1445|    In|
|             1445|    Maryland|          439|         298234|1602366393677|        Iowa|              1445|    In|
|             1445|      Nevada|          438|         298288|1602366393677|        Iowa|              1445|    In|
|             1445|   Louisiana|          438|         298369|1602366393677|        Iowa|              1445|    In|
|             1445|       Texas|          438|         298420|1602366393677|        Iowa|              1445|    In|
|             1445|       Texas|          436|         298471|1602366393677|        Iowa|              1445|    In|
|             1445|  New Mexico|          436|         298473|1602366393677|        Iowa|              1445|    In|
|             1445|       Texas|          434|         298492|1602366393677|        Iowa|              1445|    In|
+-----------------+------------+-------------+---------------+-------------+------------+------------------+------+
only showing top 20 rows

-------------------------------------------
Batch: 2
-------------------------------------------
+-----------------+-----------+-------------+---------------+-------------+------------+------------------+------+
|statusTruckNumber|destination|milesFromShop|odometerReading|reservationId|locationName|checkinTruckNumber|status|
+-----------------+-----------+-------------+---------------+-------------+------------+------------------+------+
|             1445|    Georgia|          411|         299409|1602364379489|    Michigan|              1445|    In|
|             1445|    Georgia|          411|         299409|1602364447510|        Iowa|              1445|    In|
|             1445|    Georgia|          411|         299409|1602364547522|Pennsylvania|              1445|    In|
|             1445|    Georgia|          411|         299409|1602364469513|       Texas|              1445|    In|
|             1445|    Georgia|          411|         299409|1602364321482|Pennsylvania|              1445|    In|
|             1445|    Georgia|          411|         299409|1602364477515|     Colardo|              1445|    In|
|             1445|    Georgia|          411|         299409|1602364647534|Pennsylvania|              1445|    In|
|             1445|    Georgia|          411|         299409|1602364693538|   Louisiana|              1445|    In|
|             1445|    Georgia|          411|         299409|1602364593527|    Maryland|              1445|    In|
|             1445|    Georgia|          411|         299409|1602364709539|      Nevada|              1445|    In|
|             1445|    Georgia|          411|         299409|1602364645534|       Texas|              1445|    In|
|             1445|    Georgia|          411|         299409|1602364853550|      Nevada|              1445|    In|
|             1445|    Georgia|          411|         299409|1602364817548|  New Mexico|              1445|    In|
|             1445|    Georgia|          411|         299409|1602364909554|     Florida|              1445|    In|
|             1445|    Georgia|          411|         299409|1602365025562|    Illinois|              1445|    In|
|             1445|    Georgia|          411|         299409|1602365081566|     Arizona|              1445|    In|
|             1445|    Georgia|          411|         299409|1602365031562|   Louisiana|              1445|    In|
|             1445|    Georgia|          411|         299409|1602365177572|   Louisiana|              1445|    In|
|             1445|    Georgia|          411|         299409|1602365195573|       Texas|              1445|    In|
|             1445|    Georgia|          411|         299409|1602365439592|     Alabama|              1445|    In|
+-----------------+-----------+-------------+---------------+-------------+------------+------------------+------+
only showing top 20 rows

-------------------------------------------
Batch: 3
-------------------------------------------
+-----------------+------------+-------------+---------------+-------------+------------+------------------+------+
|statusTruckNumber| destination|milesFromShop|odometerReading|reservationId|locationName|checkinTruckNumber|status|
+-----------------+------------+-------------+---------------+-------------+------------+------------------+------+
|             1445|Pennsylvania|          447|         297465|1602366429682|     Georgia|              1445|    In|
|             1445|Pennsylvania|          446|         297546|1602366429682|     Georgia|              1445|    In|
|             1445|Pennsylvania|          444|         297634|1602366429682|     Georgia|              1445|    In|
|             1445|     Colardo|          444|         297640|1602366429682|     Georgia|              1445|    In|
|             1445|       Texas|          443|         297677|1602366429682|     Georgia|              1445|    In|
|             1445|Pennsylvania|          443|         297694|1602366429682|     Georgia|              1445|    In|
|             1445|     Colardo|          442|         297719|1602366429682|     Georgia|              1445|    In|
|             1445|Pennsylvania|          441|         297811|1602366429682|     Georgia|              1445|    In|
|             1445|       Texas|          440|         297860|1602366429682|     Georgia|              1445|    In|
|             1445|Pennsylvania|          440|         297955|1602366429682|     Georgia|              1445|    In|
|             1445|     Colardo|          439|         298038|1602366429682|     Georgia|              1445|    In|
|             1445|    Maryland|          439|         298094|1602366429682|     Georgia|              1445|    In|
|             1445|       Texas|          439|         298185|1602366429682|     Georgia|              1445|    In|
|             1445|    Maryland|          439|         298234|1602366429682|     Georgia|              1445|    In|
|             1445|      Nevada|          438|         298288|1602366429682|     Georgia|              1445|    In|
|             1445|   Louisiana|          438|         298369|1602366429682|     Georgia|              1445|    In|
|             1445|       Texas|          438|         298420|1602366429682|     Georgia|              1445|    In|
|             1445|       Texas|          436|         298471|1602366429682|     Georgia|              1445|    In|
|             1445|  New Mexico|          436|         298473|1602366429682|     Georgia|              1445|    In|
|             1445|       Texas|          434|         298492|1602366429682|     Georgia|              1445|    In|
+-----------------+------------+-------------+---------------+-------------+------------+------------------+------+
only showing top 20 rows

-------------------------------------------
Batch: 4
-------------------------------------------
+-----------------+-----------+-------------+---------------+-------------+------------+------------------+------+
|statusTruckNumber|destination|milesFromShop|odometerReading|reservationId|locationName|checkinTruckNumber|status|
+-----------------+-----------+-------------+---------------+-------------+------------+------------------+------+
|             1445|   Illinois|          410|         299431|1602364379489|    Michigan|              1445|    In|
|             1445|   Illinois|          410|         299431|1602364447510|        Iowa|              1445|    In|
|             1445|   Illinois|          410|         299431|1602364547522|Pennsylvania|              1445|    In|
|             1445|   Illinois|          410|         299431|1602364469513|       Texas|              1445|    In|
|             1445|   Illinois|          410|         299431|1602364321482|Pennsylvania|              1445|    In|
|             1445|   Illinois|          410|         299431|1602364477515|     Colardo|              1445|    In|
|             1445|   Illinois|          410|         299431|1602364647534|Pennsylvania|              1445|    In|
|             1445|   Illinois|          410|         299431|1602364693538|   Louisiana|              1445|    In|
|             1445|   Illinois|          410|         299431|1602364593527|    Maryland|              1445|    In|
|             1445|   Illinois|          410|         299431|1602364709539|      Nevada|              1445|    In|
|             1445|   Illinois|          410|         299431|1602364645534|       Texas|              1445|    In|
|             1445|   Illinois|          410|         299431|1602364853550|      Nevada|              1445|    In|
|             1445|   Illinois|          410|         299431|1602364817548|  New Mexico|              1445|    In|
|             1445|   Illinois|          410|         299431|1602364909554|     Florida|              1445|    In|
|             1445|   Illinois|          410|         299431|1602365025562|    Illinois|              1445|    In|
|             1445|   Illinois|          410|         299431|1602365081566|     Arizona|              1445|    In|
|             1445|   Illinois|          410|         299431|1602365031562|   Louisiana|              1445|    In|
|             1445|   Illinois|          410|         299431|1602365177572|   Louisiana|              1445|    In|
|             1445|   Illinois|          410|         299431|1602365195573|       Texas|              1445|    In|
|             1445|   Illinois|          410|         299431|1602365439592|     Alabama|              1445|    In|
+-----------------+-----------+-------------+---------------+-------------+------------+------------------+------+
only showing top 20 rows

-------------------------------------------
Batch: 5
-------------------------------------------
+-----------------+-----------+-------------+---------------+-------------+------------+------------------+------+
|statusTruckNumber|destination|milesFromShop|odometerReading|reservationId|locationName|checkinTruckNumber|status|
+-----------------+-----------+-------------+---------------+-------------+------------+------------------+------+
|              586|  Louisiana|          102|         253400|1602364296372|     Alabama|               586|    In|
|              586|  Louisiana|          102|         253400|1602364299479|     Florida|               586|    In|
|              586|  Louisiana|          102|         253400|1602364455512|     Florida|               586|    In|
|              586|  Louisiana|          102|         253400|1602364463513|     Colardo|               586|    In|
|              586|  Louisiana|          102|         253400|1602364661536|     Arizona|               586|    In|
|              586|  Louisiana|          102|         253400|1602364621532|   Tennessee|               586|    In|
|              586|  Louisiana|          102|         253400|1602364679537|   Wisconsin|               586|    In|
|              586|  Louisiana|          102|         253400|1602364713540|Pennsylvania|               586|    In|
|              586|  Louisiana|          102|         253400|1602364749543|   Wisconsin|               586|    In|
|              586|  Louisiana|          102|         253400|1602364771544|   Tennessee|               586|    In|
|              586|  Louisiana|          102|         253400|1602364931556|     Florida|               586|    In|
|              586|  Louisiana|          102|         253400|1602364969558|     Colardo|               586|    In|
|              586|  Louisiana|          102|         253400|1602364787545|   Wisconsin|               586|    In|
|              586|  Louisiana|          102|         253400|1602365061564|South Dakota|               586|    In|
|              586|  Louisiana|          102|         253400|1602365067565|    Illinois|               586|    In|
|              586|  Louisiana|          102|         253400|1602365151570|        Iowa|               586|    In|
|              586|  Louisiana|          102|         253400|1602365183572|    Michigan|               586|    In|
|              586|  Louisiana|          102|         253400|1602365155570|        Iowa|               586|    In|
|              586|  Louisiana|          102|         253400|1602365243579|     Colardo|               586|    In|
|              586|  Louisiana|          102|         253400|1602365289582|     Colardo|               586|    In|
+-----------------+-----------+-------------+---------------+-------------+------------+------------------+------+
only showing top 20 rows

-------------------------------------------
Batch: 6
-------------------------------------------
+-----------------+-----------+-------------+---------------+-------------+------------+------------------+------+
|statusTruckNumber|destination|milesFromShop|odometerReading|reservationId|locationName|checkinTruckNumber|status|
+-----------------+-----------+-------------+---------------+-------------+------------+------------------+------+
|             9249|   Michigan|          494|         188173|1602364296376|      Canada|              9249|    In|
|             9249|   Michigan|          494|         188173|1602364296378|   Louisiana|              9249|    In|
|             9249|   Michigan|          494|         188173|1602364335483|   Louisiana|              9249|    In|
|             9249|   Michigan|          494|         188173|1602364296372|   Tennessee|              9249|    In|
|             9249|   Michigan|          494|         188173|1602364451511|    Maryland|              9249|    In|
|             9249|   Michigan|          494|         188173|1602364433499|     Indiana|              9249|    In|
|             9249|   Michigan|          494|         188173|1602364567524|   Louisiana|              9249|    In|
|             9249|   Michigan|          494|         188173|1602364615532|      Canada|              9249|    In|
|             9249|   Michigan|          494|         188173|1602364785545|    Illinois|              9249|    In|
|             9249|   Michigan|          494|         188173|1602364779545|     Florida|              9249|    In|
|             9249|   Michigan|          494|         188173|1602364757543|     Alabama|              9249|    In|
|             9249|   Michigan|          494|         188173|1602364815548|      Canada|              9249|    In|
|             9249|   Michigan|          494|         188173|1602364849550|     Florida|              9249|    In|
|             9249|   Michigan|          494|         188173|1602364807547|    Michigan|              9249|    In|
|             9249|   Michigan|          494|         188173|1602364975559|South Dakota|              9249|    In|
|             9249|   Michigan|          494|         188173|1602364935556|     Georgia|              9249|    In|
|             9249|   Michigan|          494|         188173|1602364845549|     Georgia|              9249|    In|
|             9249|   Michigan|          494|         188173|1602364945556|     Indiana|              9249|    In|
|             9249|   Michigan|          494|         188173|1602365005561|      Nevada|              9249|    In|
|             9249|   Michigan|          494|         188173|1602364951557|       Texas|              9249|    In|
+-----------------+-----------+-------------+---------------+-------------+------------+------------------+------+
only showing top 20 rows

-------------------------------------------
Batch: 7
-------------------------------------------
+-----------------+-----------+-------------+---------------+-------------+------------+------------------+------+
|statusTruckNumber|destination|milesFromShop|odometerReading|reservationId|locationName|checkinTruckNumber|status|
+-----------------+-----------+-------------+---------------+-------------+------------+------------------+------+
|             1445|   Illinois|          410|         299497|1602364379489|    Michigan|              1445|    In|
|             1445|   Illinois|          410|         299497|1602364447510|        Iowa|              1445|    In|
|             1445|   Illinois|          410|         299497|1602364547522|Pennsylvania|              1445|    In|
|             1445|   Illinois|          410|         299497|1602364469513|       Texas|              1445|    In|
|             1445|   Illinois|          410|         299497|1602364321482|Pennsylvania|              1445|    In|
|             1445|   Illinois|          410|         299497|1602364477515|     Colardo|              1445|    In|
|             1445|   Illinois|          410|         299497|1602364647534|Pennsylvania|              1445|    In|
|             1445|   Illinois|          410|         299497|1602364693538|   Louisiana|              1445|    In|
|             1445|   Illinois|          410|         299497|1602364593527|    Maryland|              1445|    In|
|             1445|   Illinois|          410|         299497|1602364709539|      Nevada|              1445|    In|
|             1445|   Illinois|          410|         299497|1602364645534|       Texas|              1445|    In|
|             1445|   Illinois|          410|         299497|1602364853550|      Nevada|              1445|    In|
|             1445|   Illinois|          410|         299497|1602364817548|  New Mexico|              1445|    In|
|             1445|   Illinois|          410|         299497|1602364909554|     Florida|              1445|    In|
|             1445|   Illinois|          410|         299497|1602365025562|    Illinois|              1445|    In|
|             1445|   Illinois|          410|         299497|1602365081566|     Arizona|              1445|    In|
|             1445|   Illinois|          410|         299497|1602365031562|   Louisiana|              1445|    In|
|             1445|   Illinois|          410|         299497|1602365177572|   Louisiana|              1445|    In|
|             1445|   Illinois|          410|         299497|1602365195573|       Texas|              1445|    In|
|             1445|   Illinois|          410|         299497|1602365439592|     Alabama|              1445|    In|
+-----------------+-----------+-------------+---------------+-------------+------------+------------------+------+
only showing top 20 rows

-------------------------------------------
Batch: 8
-------------------------------------------
+-----------------+-----------+-------------+---------------+-------------+------------+------------------+------+
|statusTruckNumber|destination|milesFromShop|odometerReading|reservationId|locationName|checkinTruckNumber|status|
+-----------------+-----------+-------------+---------------+-------------+------------+------------------+------+
|              586|  Louisiana|           99|         253496|1602364296372|     Alabama|               586|    In|
|              586|  Louisiana|           99|         253496|1602364299479|     Florida|               586|    In|
|              586|  Louisiana|           99|         253496|1602364455512|     Florida|               586|    In|
|              586|  Louisiana|           99|         253496|1602364463513|     Colardo|               586|    In|
|              586|  Louisiana|           99|         253496|1602364661536|     Arizona|               586|    In|
|              586|  Louisiana|           99|         253496|1602364621532|   Tennessee|               586|    In|
|              586|  Louisiana|           99|         253496|1602364679537|   Wisconsin|               586|    In|
|              586|  Louisiana|           99|         253496|1602364713540|Pennsylvania|               586|    In|
|              586|  Louisiana|           99|         253496|1602364749543|   Wisconsin|               586|    In|
|              586|  Louisiana|           99|         253496|1602364771544|   Tennessee|               586|    In|
|              586|  Louisiana|           99|         253496|1602364931556|     Florida|               586|    In|
|              586|  Louisiana|           99|         253496|1602364969558|     Colardo|               586|    In|
|              586|  Louisiana|           99|         253496|1602364787545|   Wisconsin|               586|    In|
|              586|  Louisiana|           99|         253496|1602365061564|South Dakota|               586|    In|
|              586|  Louisiana|           99|         253496|1602365067565|    Illinois|               586|    In|
|              586|  Louisiana|           99|         253496|1602365151570|        Iowa|               586|    In|
|              586|  Louisiana|           99|         253496|1602365183572|    Michigan|               586|    In|
|              586|  Louisiana|           99|         253496|1602365155570|        Iowa|               586|    In|
|              586|  Louisiana|           99|         253496|1602365243579|     Colardo|               586|    In|
|              586|  Louisiana|           99|         253496|1602365289582|     Colardo|               586|    In|
+-----------------+-----------+-------------+---------------+-------------+------------+------------------+------+
only showing top 20 rows

-------------------------------------------
Batch: 9
-------------------------------------------
+-----------------+------------+-------------+---------------+-------------+------------+------------------+------+
|statusTruckNumber| destination|milesFromShop|odometerReading|reservationId|locationName|checkinTruckNumber|status|
+-----------------+------------+-------------+---------------+-------------+------------+------------------+------+
|             1445|Pennsylvania|          447|         297465|1602366451684|    Illinois|              1445|    In|
|             1445|Pennsylvania|          446|         297546|1602366451684|    Illinois|              1445|    In|
|             1445|Pennsylvania|          444|         297634|1602366451684|    Illinois|              1445|    In|
|             1445|     Colardo|          444|         297640|1602366451684|    Illinois|              1445|    In|
|             1445|       Texas|          443|         297677|1602366451684|    Illinois|              1445|    In|
|             1445|Pennsylvania|          443|         297694|1602366451684|    Illinois|              1445|    In|
|             1445|     Colardo|          442|         297719|1602366451684|    Illinois|              1445|    In|
|             1445|Pennsylvania|          441|         297811|1602366451684|    Illinois|              1445|    In|
|             1445|       Texas|          440|         297860|1602366451684|    Illinois|              1445|    In|
|             1445|Pennsylvania|          440|         297955|1602366451684|    Illinois|              1445|    In|
|             1445|     Colardo|          439|         298038|1602366451684|    Illinois|              1445|    In|
|             1445|    Maryland|          439|         298094|1602366451684|    Illinois|              1445|    In|
|             1445|       Texas|          439|         298185|1602366451684|    Illinois|              1445|    In|
|             1445|    Maryland|          439|         298234|1602366451684|    Illinois|              1445|    In|
|             1445|      Nevada|          438|         298288|1602366451684|    Illinois|              1445|    In|
|             1445|   Louisiana|          438|         298369|1602366451684|    Illinois|              1445|    In|
|             1445|       Texas|          438|         298420|1602366451684|    Illinois|              1445|    In|
|             1445|       Texas|          436|         298471|1602366451684|    Illinois|              1445|    In|
|             1445|  New Mexico|          436|         298473|1602366451684|    Illinois|              1445|    In|
|             1445|       Texas|          434|         298492|1602366451684|    Illinois|              1445|    In|
+-----------------+------------+-------------+---------------+-------------+------------+------------------+------+
only showing top 20 rows

-------------------------------------------
Batch: 10
-------------------------------------------
+-----------------+------------+-------------+---------------+-------------+------------+------------------+------+
|statusTruckNumber| destination|milesFromShop|odometerReading|reservationId|locationName|checkinTruckNumber|status|
+-----------------+------------+-------------+---------------+-------------+------------+------------------+------+
|             7587|    Michigan|           57|         148878|1602366541691|      Canada|              7587|    In|
|             7587|       Texas|           57|         148938|1602366541691|      Canada|              7587|    In|
|             7587|     Indiana|           57|         148972|1602366541691|      Canada|              7587|    In|
|             7587|   Louisiana|           57|         149064|1602366541691|      Canada|              7587|    In|
|             7587|    Maryland|           57|         149161|1602366541691|      Canada|              7587|    In|
|             7587|South Dakota|           55|         149242|1602366541691|      Canada|              7587|    In|
|             7587|South Dakota|           55|         149284|1602366541691|      Canada|              7587|    In|
|             7587|South Dakota|           54|         149367|1602366541691|      Canada|              7587|    In|
|             7587|     Georgia|           54|         149413|1602366541691|      Canada|              7587|    In|
|             7587|     Indiana|           54|         149421|1602366541691|      Canada|              7587|    In|
|             7587|     Georgia|           54|         149442|1602366541691|      Canada|              7587|    In|
|             7587|     Georgia|           54|         149534|1602366541691|      Canada|              7587|    In|
|             7587|     Florida|           53|         149577|1602366541691|      Canada|              7587|    In|
|             7587|     Florida|           52|         149674|1602366541691|      Canada|              7587|    In|
|             7587|     Florida|           51|         149697|1602366541691|      Canada|              7587|    In|
|             7587|       Texas|           50|         149741|1602366541691|      Canada|              7587|    In|
|             7587|South Dakota|           49|         149757|1602366541691|      Canada|              7587|    In|
|             7587|Pennsylvania|           47|         149842|1602366541691|      Canada|              7587|    In|
|             7587|     Indiana|           45|         149908|1602366541691|      Canada|              7587|    In|
|             7587|      Canada|           45|         149939|1602366541691|      Canada|              7587|    In|
+-----------------+------------+-------------+---------------+-------------+------------+------------------+------+
only showing top 20 rows

-------------------------------------------
Batch: 11
-------------------------------------------
+-----------------+-----------+-------------+---------------+-------------+------------+------------------+------+
|statusTruckNumber|destination|milesFromShop|odometerReading|reservationId|locationName|checkinTruckNumber|status|
+-----------------+-----------+-------------+---------------+-------------+------------+------------------+------+
|             1445|      Texas|          408|         299500|1602364379489|    Michigan|              1445|    In|
|             1445|      Texas|          408|         299500|1602364447510|        Iowa|              1445|    In|
|             1445|      Texas|          408|         299500|1602364547522|Pennsylvania|              1445|    In|
|             1445|      Texas|          408|         299500|1602364469513|       Texas|              1445|    In|
|             1445|      Texas|          408|         299500|1602364321482|Pennsylvania|              1445|    In|
|             1445|      Texas|          408|         299500|1602364477515|     Colardo|              1445|    In|
|             1445|      Texas|          408|         299500|1602364647534|Pennsylvania|              1445|    In|
|             1445|      Texas|          408|         299500|1602364693538|   Louisiana|              1445|    In|
|             1445|      Texas|          408|         299500|1602364593527|    Maryland|              1445|    In|
|             1445|      Texas|          408|         299500|1602364709539|      Nevada|              1445|    In|
|             1445|      Texas|          408|         299500|1602364645534|       Texas|              1445|    In|
|             1445|      Texas|          408|         299500|1602364853550|      Nevada|              1445|    In|
|             1445|      Texas|          408|         299500|1602364817548|  New Mexico|              1445|    In|
|             1445|      Texas|          408|         299500|1602364909554|     Florida|              1445|    In|
|             1445|      Texas|          408|         299500|1602365025562|    Illinois|              1445|    In|
|             1445|      Texas|          408|         299500|1602365081566|     Arizona|              1445|    In|
|             1445|      Texas|          408|         299500|1602365031562|   Louisiana|              1445|    In|
|             1445|      Texas|          408|         299500|1602365177572|   Louisiana|              1445|    In|
|             1445|      Texas|          408|         299500|1602365195573|       Texas|              1445|    In|
|             1445|      Texas|          408|         299500|1602365439592|     Alabama|              1445|    In|
+-----------------+-----------+-------------+---------------+-------------+------------+------------------+------+
only showing top 20 rows

-------------------------------------------
Batch: 12
-------------------------------------------
+-----------------+------------+-------------+---------------+-------------+------------+------------------+------+
|statusTruckNumber| destination|milesFromShop|odometerReading|reservationId|locationName|checkinTruckNumber|status|
+-----------------+------------+-------------+---------------+-------------+------------+------------------+------+
|              586|     Florida|          156|         251162|1602366617697|     Indiana|               586|    In|
|              586|     Colardo|          155|         251195|1602366617697|     Indiana|               586|    In|
|              586|   Tennessee|          155|         251214|1602366617697|     Indiana|               586|    In|
|              586|   Wisconsin|          153|         251282|1602366617697|     Indiana|               586|    In|
|              586|Pennsylvania|          151|         251301|1602366617697|     Indiana|               586|    In|
|              586|   Wisconsin|          151|         251386|1602366617697|     Indiana|               586|    In|
|              586|   Wisconsin|          150|         251475|1602366617697|     Indiana|               586|    In|
|              586|   Wisconsin|          150|         251519|1602366617697|     Indiana|               586|    In|
|              586|   Wisconsin|          148|         251536|1602366617697|     Indiana|               586|    In|
|              586|   Wisconsin|          148|         251604|1602366617697|     Indiana|               586|    In|
|              586|     Colardo|          146|         251642|1602366617697|     Indiana|               586|    In|
|              586|   Wisconsin|          144|         251725|1602366617697|     Indiana|               586|    In|
|              586|    Illinois|          142|         251748|1602366617697|     Indiana|               586|    In|
|              586|        Iowa|          140|         251777|1602366617697|     Indiana|               586|    In|
|              586|South Dakota|          139|         251784|1602366617697|     Indiana|               586|    In|
|              586|     Colardo|          137|         251790|1602366617697|     Indiana|               586|    In|
|              586|     Colardo|          136|         251791|1602366617697|     Indiana|               586|    In|
|              586|    Maryland|          135|         251848|1602366617697|     Indiana|               586|    In|
|              586|South Dakota|          134|         251907|1602366617697|     Indiana|               586|    In|
|              586|    Maryland|          133|         251982|1602366617697|     Indiana|               586|    In|
+-----------------+------------+-------------+---------------+-------------+------------+------------------+------+
only showing top 20 rows

-------------------------------------------
Batch: 13
-------------------------------------------
+-----------------+-----------+-------------+---------------+-------------+------------+------------------+------+
|statusTruckNumber|destination|milesFromShop|odometerReading|reservationId|locationName|checkinTruckNumber|status|
+-----------------+-----------+-------------+---------------+-------------+------------+------------------+------+
|             2085| New Mexico|          802|          86129|1602364329483|   Louisiana|              2085|    In|
|             2085| New Mexico|          802|          86129|1602364361487|       Texas|              2085|    In|
|             2085| New Mexico|          802|          86129|1602364337484|     Florida|              2085|    In|
|             2085| New Mexico|          802|          86129|1602364403495|   Louisiana|              2085|    In|
|             2085| New Mexico|          802|          86129|1602364296377|    Maryland|              2085|    In|
|             2085| New Mexico|          802|          86129|1602364519519|     Arizona|              2085|    In|
|             2085| New Mexico|          802|          86129|1602364533520|      Nevada|              2085|    In|
|             2085| New Mexico|          802|          86129|1602364591526|   Tennessee|              2085|    In|
|             2085| New Mexico|          802|          86129|1602364605528|   Wisconsin|              2085|    In|
|             2085| New Mexico|          802|          86129|1602364911554|   Tennessee|              2085|    In|
|             2085| New Mexico|          802|          86129|1602364955557|Pennsylvania|              2085|    In|
|             2085| New Mexico|          802|          86129|1602364985559|    Illinois|              2085|    In|
|             2085| New Mexico|          802|          86129|1602365035563|     Florida|              2085|    In|
|             2085| New Mexico|          802|          86129|1602364967558|     Arizona|              2085|    In|
|             2085| New Mexico|          802|          86129|1602365237579|    Illinois|              2085|    In|
|             2085| New Mexico|          802|          86129|1602365283581|   Wisconsin|              2085|    In|
|             2085| New Mexico|          802|          86129|1602365347586|     Florida|              2085|    In|
|             2085| New Mexico|          802|          86129|1602365501595|   Wisconsin|              2085|    In|
|             2085| New Mexico|          802|          86129|1602365445592|South Dakota|              2085|    In|
|             2085| New Mexico|          802|          86129|1602365475594|Pennsylvania|              2085|    In|
+-----------------+-----------+-------------+---------------+-------------+------------+------------------+------+
only showing top 20 rows

-------------------------------------------
Batch: 14
-------------------------------------------
+-----------------+-----------+-------------+---------------+-------------+------------+------------------+------+
|statusTruckNumber|destination|milesFromShop|odometerReading|reservationId|locationName|checkinTruckNumber|status|
+-----------------+-----------+-------------+---------------+-------------+------------+------------------+------+
|             1445|      Texas|          406|         299556|1602364379489|    Michigan|              1445|    In|
|             1445|      Texas|          406|         299556|1602364447510|        Iowa|              1445|    In|
|             1445|      Texas|          406|         299556|1602364547522|Pennsylvania|              1445|    In|
|             1445|      Texas|          406|         299556|1602364469513|       Texas|              1445|    In|
|             1445|      Texas|          406|         299556|1602364321482|Pennsylvania|              1445|    In|
|             1445|      Texas|          406|         299556|1602364477515|     Colardo|              1445|    In|
|             1445|      Texas|          406|         299556|1602364647534|Pennsylvania|              1445|    In|
|             1445|      Texas|          406|         299556|1602364693538|   Louisiana|              1445|    In|
|             1445|      Texas|          406|         299556|1602364593527|    Maryland|              1445|    In|
|             1445|      Texas|          406|         299556|1602364709539|      Nevada|              1445|    In|
|             1445|      Texas|          406|         299556|1602364645534|       Texas|              1445|    In|
|             1445|      Texas|          406|         299556|1602364853550|      Nevada|              1445|    In|
|             1445|      Texas|          406|         299556|1602364817548|  New Mexico|              1445|    In|
|             1445|      Texas|          406|         299556|1602364909554|     Florida|              1445|    In|
|             1445|      Texas|          406|         299556|1602365025562|    Illinois|              1445|    In|
|             1445|      Texas|          406|         299556|1602365081566|     Arizona|              1445|    In|
|             1445|      Texas|          406|         299556|1602365031562|   Louisiana|              1445|    In|
|             1445|      Texas|          406|         299556|1602365177572|   Louisiana|              1445|    In|
|             1445|      Texas|          406|         299556|1602365195573|       Texas|              1445|    In|
|             1445|      Texas|          406|         299556|1602365439592|     Alabama|              1445|    In|
+-----------------+-----------+-------------+---------------+-------------+------------+------------------+------+
only showing top 20 rows

-------------------------------------------
Batch: 15
-------------------------------------------
+-----------------+-----------+-------------+---------------+-------------+------------+------------------+------+
|statusTruckNumber|destination|milesFromShop|odometerReading|reservationId|locationName|checkinTruckNumber|status|
+-----------------+-----------+-------------+---------------+-------------+------------+------------------+------+
|             1445|  Tennessee|          406|         299674|1602364379489|    Michigan|              1445|    In|
|             1445|  Tennessee|          406|         299674|1602364447510|        Iowa|              1445|    In|
|             1445|  Tennessee|          406|         299674|1602364547522|Pennsylvania|              1445|    In|
|             1445|  Tennessee|          406|         299674|1602364469513|       Texas|              1445|    In|
|             1445|  Tennessee|          406|         299674|1602364321482|Pennsylvania|              1445|    In|
|             1445|  Tennessee|          406|         299674|1602364477515|     Colardo|              1445|    In|
|             1445|  Tennessee|          406|         299674|1602364647534|Pennsylvania|              1445|    In|
|             1445|  Tennessee|          406|         299674|1602364693538|   Louisiana|              1445|    In|
|             1445|  Tennessee|          406|         299674|1602364593527|    Maryland|              1445|    In|
|             1445|  Tennessee|          406|         299674|1602364709539|      Nevada|              1445|    In|
|             1445|  Tennessee|          406|         299674|1602364645534|       Texas|              1445|    In|
|             1445|  Tennessee|          406|         299674|1602364853550|      Nevada|              1445|    In|
|             1445|  Tennessee|          406|         299674|1602364817548|  New Mexico|              1445|    In|
|             1445|  Tennessee|          406|         299674|1602364909554|     Florida|              1445|    In|
|             1445|  Tennessee|          406|         299674|1602365025562|    Illinois|              1445|    In|
|             1445|  Tennessee|          406|         299674|1602365081566|     Arizona|              1445|    In|
|             1445|  Tennessee|          406|         299674|1602365031562|   Louisiana|              1445|    In|
|             1445|  Tennessee|          406|         299674|1602365177572|   Louisiana|              1445|    In|
|             1445|  Tennessee|          406|         299674|1602365195573|       Texas|              1445|    In|
|             1445|  Tennessee|          406|         299674|1602365439592|     Alabama|              1445|    In|
+-----------------+-----------+-------------+---------------+-------------+------------+------------------+------+
only showing top 20 rows

-------------------------------------------
Batch: 16
-------------------------------------------
+-----------------+-----------+-------------+---------------+-------------+------------+------------------+------+
|statusTruckNumber|destination|milesFromShop|odometerReading|reservationId|locationName|checkinTruckNumber|status|
+-----------------+-----------+-------------+---------------+-------------+------------+------------------+------+
|             1445|      Texas|          404|         299752|1602364379489|    Michigan|              1445|    In|
|             1445|      Texas|          404|         299752|1602364447510|        Iowa|              1445|    In|
|             1445|      Texas|          404|         299752|1602364547522|Pennsylvania|              1445|    In|
|             1445|      Texas|          404|         299752|1602364469513|       Texas|              1445|    In|
|             1445|      Texas|          404|         299752|1602364321482|Pennsylvania|              1445|    In|
|             1445|      Texas|          404|         299752|1602364477515|     Colardo|              1445|    In|
|             1445|      Texas|          404|         299752|1602364647534|Pennsylvania|              1445|    In|
|             1445|      Texas|          404|         299752|1602364693538|   Louisiana|              1445|    In|
|             1445|      Texas|          404|         299752|1602364593527|    Maryland|              1445|    In|
|             1445|      Texas|          404|         299752|1602364709539|      Nevada|              1445|    In|
|             1445|      Texas|          404|         299752|1602364645534|       Texas|              1445|    In|
|             1445|      Texas|          404|         299752|1602364853550|      Nevada|              1445|    In|
|             1445|      Texas|          404|         299752|1602364817548|  New Mexico|              1445|    In|
|             1445|      Texas|          404|         299752|1602364909554|     Florida|              1445|    In|
|             1445|      Texas|          404|         299752|1602365025562|    Illinois|              1445|    In|
|             1445|      Texas|          404|         299752|1602365081566|     Arizona|              1445|    In|
|             1445|      Texas|          404|         299752|1602365031562|   Louisiana|              1445|    In|
|             1445|      Texas|          404|         299752|1602365177572|   Louisiana|              1445|    In|
|             1445|      Texas|          404|         299752|1602365195573|       Texas|              1445|    In|
|             1445|      Texas|          404|         299752|1602365439592|     Alabama|              1445|    In|
+-----------------+-----------+-------------+---------------+-------------+------------+------------------+------+
only showing top 20 rows

-------------------------------------------
Batch: 17
-------------------------------------------
+-----------------+-----------+-------------+---------------+-------------+------------+------------------+------+
|statusTruckNumber|destination|milesFromShop|odometerReading|reservationId|locationName|checkinTruckNumber|status|
+-----------------+-----------+-------------+---------------+-------------+------------+------------------+------+
|             1445|       Iowa|          404|         299798|1602364379489|    Michigan|              1445|    In|
|             1445|       Iowa|          404|         299798|1602364447510|        Iowa|              1445|    In|
|             1445|       Iowa|          404|         299798|1602364547522|Pennsylvania|              1445|    In|
|             1445|       Iowa|          404|         299798|1602364469513|       Texas|              1445|    In|
|             1445|       Iowa|          404|         299798|1602364321482|Pennsylvania|              1445|    In|
|             1445|       Iowa|          404|         299798|1602364477515|     Colardo|              1445|    In|
|             1445|       Iowa|          404|         299798|1602364647534|Pennsylvania|              1445|    In|
|             1445|       Iowa|          404|         299798|1602364693538|   Louisiana|              1445|    In|
|             1445|       Iowa|          404|         299798|1602364593527|    Maryland|              1445|    In|
|             1445|       Iowa|          404|         299798|1602364709539|      Nevada|              1445|    In|
|             1445|       Iowa|          404|         299798|1602364645534|       Texas|              1445|    In|
|             1445|       Iowa|          404|         299798|1602364853550|      Nevada|              1445|    In|
|             1445|       Iowa|          404|         299798|1602364817548|  New Mexico|              1445|    In|
|             1445|       Iowa|          404|         299798|1602364909554|     Florida|              1445|    In|
|             1445|       Iowa|          404|         299798|1602365025562|    Illinois|              1445|    In|
|             1445|       Iowa|          404|         299798|1602365081566|     Arizona|              1445|    In|
|             1445|       Iowa|          404|         299798|1602365031562|   Louisiana|              1445|    In|
|             1445|       Iowa|          404|         299798|1602365177572|   Louisiana|              1445|    In|
|             1445|       Iowa|          404|         299798|1602365195573|       Texas|              1445|    In|
|             1445|       Iowa|          404|         299798|1602365439592|     Alabama|              1445|    In|
+-----------------+-----------+-------------+---------------+-------------+------------+------------------+------+
only showing top 20 rows

-------------------------------------------
Batch: 18
-------------------------------------------
+-----------------+-----------+-------------+---------------+-------------+------------+------------------+------+
|statusTruckNumber|destination|milesFromShop|odometerReading|reservationId|locationName|checkinTruckNumber|status|
+-----------------+-----------+-------------+---------------+-------------+------------+------------------+------+
|             2085|    Florida|          800|          86193|1602364329483|   Louisiana|              2085|    In|
|             2085|    Florida|          800|          86193|1602364361487|       Texas|              2085|    In|
|             2085|    Florida|          800|          86193|1602364337484|     Florida|              2085|    In|
|             2085|    Florida|          800|          86193|1602364403495|   Louisiana|              2085|    In|
|             2085|    Florida|          800|          86193|1602364296377|    Maryland|              2085|    In|
|             2085|    Florida|          800|          86193|1602364519519|     Arizona|              2085|    In|
|             2085|    Florida|          800|          86193|1602364533520|      Nevada|              2085|    In|
|             2085|    Florida|          800|          86193|1602364591526|   Tennessee|              2085|    In|
|             2085|    Florida|          800|          86193|1602364605528|   Wisconsin|              2085|    In|
|             2085|    Florida|          800|          86193|1602364911554|   Tennessee|              2085|    In|
|             2085|    Florida|          800|          86193|1602364955557|Pennsylvania|              2085|    In|
|             2085|    Florida|          800|          86193|1602364985559|    Illinois|              2085|    In|
|             2085|    Florida|          800|          86193|1602365035563|     Florida|              2085|    In|
|             2085|    Florida|          800|          86193|1602364967558|     Arizona|              2085|    In|
|             2085|    Florida|          800|          86193|1602365237579|    Illinois|              2085|    In|
|             2085|    Florida|          800|          86193|1602365283581|   Wisconsin|              2085|    In|
|             2085|    Florida|          800|          86193|1602365347586|     Florida|              2085|    In|
|             2085|    Florida|          800|          86193|1602365501595|   Wisconsin|              2085|    In|
|             2085|    Florida|          800|          86193|1602365445592|South Dakota|              2085|    In|
|             2085|    Florida|          800|          86193|1602365475594|Pennsylvania|              2085|    In|
+-----------------+-----------+-------------+---------------+-------------+------------+------------------+------+
only showing top 20 rows

-------------------------------------------
Batch: 19
-------------------------------------------
+-----------------+------------+-------------+---------------+-------------+------------+------------------+------+
|statusTruckNumber| destination|milesFromShop|odometerReading|reservationId|locationName|checkinTruckNumber|status|
+-----------------+------------+-------------+---------------+-------------+------------+------------------+------+
|             1445|Pennsylvania|          447|         297465|1602366657701|        Iowa|              1445|    In|
|             1445|Pennsylvania|          446|         297546|1602366657701|        Iowa|              1445|    In|
|             1445|Pennsylvania|          444|         297634|1602366657701|        Iowa|              1445|    In|
|             1445|     Colardo|          444|         297640|1602366657701|        Iowa|              1445|    In|
|             1445|       Texas|          443|         297677|1602366657701|        Iowa|              1445|    In|
|             1445|Pennsylvania|          443|         297694|1602366657701|        Iowa|              1445|    In|
|             1445|     Colardo|          442|         297719|1602366657701|        Iowa|              1445|    In|
|             1445|Pennsylvania|          441|         297811|1602366657701|        Iowa|              1445|    In|
|             1445|       Texas|          440|         297860|1602366657701|        Iowa|              1445|    In|
|             1445|Pennsylvania|          440|         297955|1602366657701|        Iowa|              1445|    In|
|             1445|     Colardo|          439|         298038|1602366657701|        Iowa|              1445|    In|
|             1445|    Maryland|          439|         298094|1602366657701|        Iowa|              1445|    In|
|             1445|       Texas|          439|         298185|1602366657701|        Iowa|              1445|    In|
|             1445|    Maryland|          439|         298234|1602366657701|        Iowa|              1445|    In|
|             1445|      Nevada|          438|         298288|1602366657701|        Iowa|              1445|    In|
|             1445|   Louisiana|          438|         298369|1602366657701|        Iowa|              1445|    In|
|             1445|       Texas|          438|         298420|1602366657701|        Iowa|              1445|    In|
|             1445|       Texas|          436|         298471|1602366657701|        Iowa|              1445|    In|
|             1445|  New Mexico|          436|         298473|1602366657701|        Iowa|              1445|    In|
|             1445|       Texas|          434|         298492|1602366657701|        Iowa|              1445|    In|
+-----------------+------------+-------------+---------------+-------------+------------+------------------+------+
only showing top 20 rows

-------------------------------------------
Batch: 20
-------------------------------------------
+-----------------+-----------+-------------+---------------+-------------+------------+------------------+------+
|statusTruckNumber|destination|milesFromShop|odometerReading|reservationId|locationName|checkinTruckNumber|status|
+-----------------+-----------+-------------+---------------+-------------+------------+------------------+------+
|             1445|      Texas|          404|         299891|1602364379489|    Michigan|              1445|    In|
|             1445|      Texas|          404|         299891|1602364447510|        Iowa|              1445|    In|
|             1445|      Texas|          404|         299891|1602364547522|Pennsylvania|              1445|    In|
|             1445|      Texas|          404|         299891|1602364469513|       Texas|              1445|    In|
|             1445|      Texas|          404|         299891|1602364321482|Pennsylvania|              1445|    In|
|             1445|      Texas|          404|         299891|1602364477515|     Colardo|              1445|    In|
|             1445|      Texas|          404|         299891|1602364647534|Pennsylvania|              1445|    In|
|             1445|      Texas|          404|         299891|1602364693538|   Louisiana|              1445|    In|
|             1445|      Texas|          404|         299891|1602364593527|    Maryland|              1445|    In|
|             1445|      Texas|          404|         299891|1602364709539|      Nevada|              1445|    In|
|             1445|      Texas|          404|         299891|1602364645534|       Texas|              1445|    In|
|             1445|      Texas|          404|         299891|1602364853550|      Nevada|              1445|    In|
|             1445|      Texas|          404|         299891|1602364817548|  New Mexico|              1445|    In|
|             1445|      Texas|          404|         299891|1602364909554|     Florida|              1445|    In|
|             1445|      Texas|          404|         299891|1602365025562|    Illinois|              1445|    In|
|             1445|      Texas|          404|         299891|1602365081566|     Arizona|              1445|    In|
|             1445|      Texas|          404|         299891|1602365031562|   Louisiana|              1445|    In|
|             1445|      Texas|          404|         299891|1602365177572|   Louisiana|              1445|    In|
|             1445|      Texas|          404|         299891|1602365195573|       Texas|              1445|    In|
|             1445|      Texas|          404|         299891|1602365439592|     Alabama|              1445|    In|
+-----------------+-----------+-------------+---------------+-------------+------------+------------------+------+
only showing top 20 rows

