-------------------------------------------
Batch: 0
-------------------------------------------
+---------+--------------------+
|      key|               value|
+---------+--------------------+
|270290546|"Oct 2, 2020 5:20...|
|132750666|"Oct 2, 2020 5:20...|
|940646066|"Oct 2, 2020 5:20...|
|759831902|"Oct 2, 2020 5:20...|
|966752684|"Oct 2, 2020 5:20...|
|156519965|"Oct 2, 2020 5:20...|
|697675641|"Oct 2, 2020 5:20...|
|287716660|"Oct 2, 2020 5:20...|
|787953832|"Oct 2, 2020 5:20...|
|648862461|"Oct 2, 2020 5:20...|
|563227770|"Oct 2, 2020 5:20...|
|447154287|"Oct 2, 2020 5:20...|
| 56618604|"Oct 2, 2020 5:20...|
|658963614|"Oct 2, 2020 5:20...|
|493176824|"Oct 2, 2020 5:20...|
| 34482888|"Oct 2, 2020 5:20...|
|950864079|"Oct 2, 2020 5:20...|
| 11999763|"Oct 2, 2020 5:21...|
|885813130|"Oct 2, 2020 5:21...|
|723516970|"Oct 2, 2020 5:21...|
+---------+--------------------+
only showing top 20 rows

-------------------------------------------
Batch: 1
-------------------------------------------
+---------+--------------------+
|      key|               value|
+---------+--------------------+
|737855770|"Oct 2, 2020 5:28...|
|451267290|"Oct 2, 2020 5:28...|
|270290546|"Oct 2, 2020 5:28...|
+---------+--------------------+

-------------------------------------------
Batch: 2
-------------------------------------------
+---------+--------------------+
|      key|               value|
+---------+--------------------+
|132750666|"Oct 2, 2020 5:28...|
+---------+--------------------+

-------------------------------------------
Batch: 3
-------------------------------------------
+---------+--------------------+
|      key|               value|
+---------+--------------------+
|940646066|"Oct 2, 2020 5:28...|
+---------+--------------------+

-------------------------------------------
Batch: 4
-------------------------------------------
+---------+--------------------+
|      key|               value|
+---------+--------------------+
|759831902|"Oct 2, 2020 5:28...|
+---------+--------------------+

-------------------------------------------
Batch: 5
-------------------------------------------
+---------+--------------------+
|      key|               value|
+---------+--------------------+
|966752684|"Oct 2, 2020 5:28...|
+---------+--------------------+

-------------------------------------------
Batch: 6
-------------------------------------------
+---------+--------------------+
|      key|               value|
+---------+--------------------+
|156519965|"Oct 2, 2020 5:28...|
+---------+--------------------+

-------------------------------------------
Batch: 7
-------------------------------------------
+---------+--------------------+
|      key|               value|
+---------+--------------------+
|697675641|"Oct 2, 2020 5:28...|
+---------+--------------------+

-------------------------------------------
Batch: 8
-------------------------------------------
+---------+--------------------+
|      key|               value|
+---------+--------------------+
|287716660|"Oct 2, 2020 5:28...|
+---------+--------------------+

-------------------------------------------
Batch: 9
-------------------------------------------
+---------+--------------------+
|      key|               value|
+---------+--------------------+
|787953832|"Oct 2, 2020 5:28...|
+---------+--------------------+

-------------------------------------------
Batch: 10
-------------------------------------------
+---------+--------------------+
|      key|               value|
+---------+--------------------+
|648862461|"Oct 2, 2020 5:28...|
+---------+--------------------+

-------------------------------------------
Batch: 11
-------------------------------------------
+---------+--------------------+
|      key|               value|
+---------+--------------------+
|563227770|"Oct 2, 2020 5:28...|
+---------+--------------------+

-------------------------------------------
Batch: 12
-------------------------------------------
+---------+--------------------+
|      key|               value|
+---------+--------------------+
|447154287|"Oct 2, 2020 5:28...|
+---------+--------------------+

-------------------------------------------
Batch: 13
-------------------------------------------
+--------+--------------------+
|     key|               value|
+--------+--------------------+
|56618604|"Oct 2, 2020 5:28...|
+--------+--------------------+

-------------------------------------------
Batch: 14
-------------------------------------------
+---------+--------------------+
|      key|               value|
+---------+--------------------+
|658963614|"Oct 2, 2020 5:28...|
+---------+--------------------+

-------------------------------------------
Batch: 15
-------------------------------------------
+---------+--------------------+
|      key|               value|
+---------+--------------------+
|493176824|"Oct 2, 2020 5:29...|
+---------+--------------------+

-------------------------------------------
Batch: 16
-------------------------------------------
+--------+--------------------+
|     key|               value|
+--------+--------------------+
|34482888|"Oct 2, 2020 5:29...|
+--------+--------------------+

-------------------------------------------
Batch: 17
-------------------------------------------
+---------+--------------------+
|      key|               value|
+---------+--------------------+
|950864079|"Oct 2, 2020 5:29...|
+---------+--------------------+

-------------------------------------------
Batch: 18
-------------------------------------------
+--------+--------------------+
|     key|               value|
+--------+--------------------+
|11999763|"Oct 2, 2020 5:29...|
+--------+--------------------+

-------------------------------------------
Batch: 19
-------------------------------------------
+---------+--------------------+
|      key|               value|
+---------+--------------------+
|885813130|"Oct 2, 2020 5:29...|
+---------+--------------------+

-------------------------------------------
Batch: 20
-------------------------------------------
+---------+--------------------+
|      key|               value|
+---------+--------------------+
|723516970|"Oct 2, 2020 5:29...|
+---------+--------------------+

-------------------------------------------
Batch: 21
-------------------------------------------
+---------+--------------------+
|      key|               value|
+---------+--------------------+
|958539299|"Oct 2, 2020 5:29...|
+---------+--------------------+

-------------------------------------------
Batch: 22
-------------------------------------------
+--------+--------------------+
|     key|               value|
+--------+--------------------+
|98156800|"Oct 2, 2020 5:29...|
+--------+--------------------+

-------------------------------------------
Batch: 23
-------------------------------------------
+---------+--------------------+
|      key|               value|
+---------+--------------------+
|189109906|"Oct 2, 2020 5:29...|
+---------+--------------------+

-------------------------------------------
Batch: 24
-------------------------------------------
+---------+--------------------+
|      key|               value|
+---------+--------------------+
|952871398|"Oct 2, 2020 5:29...|
+---------+--------------------+

-------------------------------------------
Batch: 25
-------------------------------------------
+---------+--------------------+
|      key|               value|
+---------+--------------------+
|821157891|"Oct 2, 2020 5:29...|
+---------+--------------------+

-------------------------------------------
Batch: 26
-------------------------------------------
+---------+--------------------+
|      key|               value|
+---------+--------------------+
|737855770|"Oct 2, 2020 5:29...|
+---------+--------------------+

-------------------------------------------
Batch: 27
-------------------------------------------
+---------+--------------------+
|      key|               value|
+---------+--------------------+
|451267290|"Oct 2, 2020 5:29...|
+---------+--------------------+

-------------------------------------------
Batch: 28
-------------------------------------------
+---------+--------------------+
|      key|               value|
+---------+--------------------+
|270290546|"Oct 2, 2020 5:29...|
+---------+--------------------+

-------------------------------------------
Batch: 29
-------------------------------------------
+---------+--------------------+
|      key|               value|
+---------+--------------------+
|132750666|"Oct 2, 2020 5:29...|
+---------+--------------------+

-------------------------------------------
Batch: 30
-------------------------------------------
+---------+--------------------+
|      key|               value|
+---------+--------------------+
|940646066|"Oct 2, 2020 5:29...|
+---------+--------------------+

-------------------------------------------
Batch: 31
-------------------------------------------
+---------+--------------------+
|      key|               value|
+---------+--------------------+
|759831902|"Oct 2, 2020 5:29...|
+---------+--------------------+

-------------------------------------------
Batch: 32
-------------------------------------------
+---------+--------------------+
|      key|               value|
+---------+--------------------+
|966752684|"Oct 2, 2020 5:29...|
+---------+--------------------+

-------------------------------------------
Batch: 33
-------------------------------------------
+---------+--------------------+
|      key|               value|
+---------+--------------------+
|156519965|"Oct 2, 2020 5:29...|
+---------+--------------------+

-------------------------------------------
Batch: 34
-------------------------------------------
+---------+--------------------+
|      key|               value|
+---------+--------------------+
|697675641|"Oct 2, 2020 5:29...|
+---------+--------------------+

-------------------------------------------
Batch: 35
-------------------------------------------
+---------+--------------------+
|      key|               value|
+---------+--------------------+
|287716660|"Oct 2, 2020 5:29...|
+---------+--------------------+

-------------------------------------------
Batch: 36
-------------------------------------------
+---------+--------------------+
|      key|               value|
+---------+--------------------+
|787953832|"Oct 2, 2020 5:29...|
+---------+--------------------+

-------------------------------------------
Batch: 37
-------------------------------------------
+---------+--------------------+
|      key|               value|
+---------+--------------------+
|648862461|"Oct 2, 2020 5:29...|
+---------+--------------------+

-------------------------------------------
Batch: 38
-------------------------------------------
+---------+--------------------+
|      key|               value|
+---------+--------------------+
|563227770|"Oct 2, 2020 5:29...|
+---------+--------------------+

-------------------------------------------
Batch: 39
-------------------------------------------
+---------+--------------------+
|      key|               value|
+---------+--------------------+
|447154287|"Oct 2, 2020 5:29...|
+---------+--------------------+

-------------------------------------------
Batch: 40
-------------------------------------------
+--------+--------------------+
|     key|               value|
+--------+--------------------+
|56618604|"Oct 2, 2020 5:29...|
+--------+--------------------+

-------------------------------------------
Batch: 41
-------------------------------------------
+---------+--------------------+
|      key|               value|
+---------+--------------------+
|658963614|"Oct 2, 2020 5:29...|
+---------+--------------------+

-------------------------------------------
Batch: 42
-------------------------------------------
+---------+--------------------+
|      key|               value|
+---------+--------------------+
|493176824|"Oct 2, 2020 5:29...|
+---------+--------------------+

-------------------------------------------
Batch: 43
-------------------------------------------
+--------+--------------------+
|     key|               value|
+--------+--------------------+
|34482888|"Oct 2, 2020 5:29...|
+--------+--------------------+

-------------------------------------------
Batch: 44
-------------------------------------------
+---------+--------------------+
|      key|               value|
+---------+--------------------+
|950864079|"Oct 2, 2020 5:29...|
+---------+--------------------+

-------------------------------------------
Batch: 45
-------------------------------------------
+--------+--------------------+
|     key|               value|
+--------+--------------------+
|11999763|"Oct 2, 2020 5:30...|
+--------+--------------------+

-------------------------------------------
Batch: 46
-------------------------------------------
+---------+--------------------+
|      key|               value|
+---------+--------------------+
|885813130|"Oct 2, 2020 5:30...|
+---------+--------------------+

-------------------------------------------
Batch: 47
-------------------------------------------
+---------+--------------------+
|      key|               value|
+---------+--------------------+
|723516970|"Oct 2, 2020 5:30...|
+---------+--------------------+

-------------------------------------------
Batch: 48
-------------------------------------------
+---------+--------------------+
|      key|               value|
+---------+--------------------+
|958539299|"Oct 2, 2020 5:30...|
+---------+--------------------+

-------------------------------------------
Batch: 49
-------------------------------------------
+--------+--------------------+
|     key|               value|
+--------+--------------------+
|98156800|"Oct 2, 2020 5:30...|
+--------+--------------------+

-------------------------------------------
Batch: 50
-------------------------------------------
+---------+--------------------+
|      key|               value|
+---------+--------------------+
|189109906|"Oct 2, 2020 5:30...|
+---------+--------------------+

-------------------------------------------
Batch: 51
-------------------------------------------
+---------+--------------------+
|      key|               value|
+---------+--------------------+
|952871398|"Oct 2, 2020 5:30...|
+---------+--------------------+

-------------------------------------------
Batch: 52
-------------------------------------------
+---------+--------------------+
|      key|               value|
+---------+--------------------+
|821157891|"Oct 2, 2020 5:30...|
+---------+--------------------+

-------------------------------------------
Batch: 53
-------------------------------------------
+---------+--------------------+
|      key|               value|
+---------+--------------------+
|737855770|"Oct 2, 2020 5:30...|
+---------+--------------------+

-------------------------------------------
Batch: 54
-------------------------------------------
+---------+--------------------+
|      key|               value|
+---------+--------------------+
|451267290|"Oct 2, 2020 5:30...|
+---------+--------------------+

-------------------------------------------
Batch: 55
-------------------------------------------
+---------+--------------------+
|      key|               value|
+---------+--------------------+
|270290546|"Oct 2, 2020 5:30...|
+---------+--------------------+

-------------------------------------------
Batch: 56
-------------------------------------------
+---------+--------------------+
|      key|               value|
+---------+--------------------+
|132750666|"Oct 2, 2020 5:30...|
+---------+--------------------+

-------------------------------------------
Batch: 57
-------------------------------------------
+---------+--------------------+
|      key|               value|
+---------+--------------------+
|940646066|"Oct 2, 2020 5:30...|
+---------+--------------------+

-------------------------------------------
Batch: 58
-------------------------------------------
+---------+--------------------+
|      key|               value|
+---------+--------------------+
|759831902|"Oct 2, 2020 5:30...|
+---------+--------------------+

-------------------------------------------
Batch: 59
-------------------------------------------
+---------+--------------------+
|      key|               value|
+---------+--------------------+
|966752684|"Oct 2, 2020 5:30...|
+---------+--------------------+

-------------------------------------------
Batch: 60
-------------------------------------------
+---------+--------------------+
|      key|               value|
+---------+--------------------+
|156519965|"Oct 2, 2020 5:30...|
+---------+--------------------+

-------------------------------------------
Batch: 61
-------------------------------------------
+---------+--------------------+
|      key|               value|
+---------+--------------------+
|697675641|"Oct 2, 2020 5:30...|
+---------+--------------------+

-------------------------------------------
Batch: 62
-------------------------------------------
+---------+--------------------+
|      key|               value|
+---------+--------------------+
|287716660|"Oct 2, 2020 5:30...|
+---------+--------------------+

-------------------------------------------
Batch: 63
-------------------------------------------
+---------+--------------------+
|      key|               value|
+---------+--------------------+
|787953832|"Oct 2, 2020 5:30...|
+---------+--------------------+

-------------------------------------------
Batch: 64
-------------------------------------------
+---------+--------------------+
|      key|               value|
+---------+--------------------+
|648862461|"Oct 2, 2020 5:30...|
+---------+--------------------+

-------------------------------------------
Batch: 65
-------------------------------------------
+---------+--------------------+
|      key|               value|
+---------+--------------------+
|563227770|"Oct 2, 2020 5:30...|
+---------+--------------------+

-------------------------------------------
Batch: 66
-------------------------------------------
+---------+--------------------+
|      key|               value|
+---------+--------------------+
|447154287|"Oct 2, 2020 5:30...|
+---------+--------------------+

-------------------------------------------
Batch: 67
-------------------------------------------
+--------+--------------------+
|     key|               value|
+--------+--------------------+
|56618604|"Oct 2, 2020 5:30...|
+--------+--------------------+

-------------------------------------------
Batch: 68
-------------------------------------------
+---------+--------------------+
|      key|               value|
+---------+--------------------+
|658963614|"Oct 2, 2020 5:30...|
+---------+--------------------+

-------------------------------------------
Batch: 69
-------------------------------------------
+---------+--------------------+
|      key|               value|
+---------+--------------------+
|493176824|"Oct 2, 2020 5:30...|
+---------+--------------------+

-------------------------------------------
Batch: 70
-------------------------------------------
+--------+--------------------+
|     key|               value|
+--------+--------------------+
|34482888|"Oct 2, 2020 5:30...|
+--------+--------------------+

-------------------------------------------
Batch: 71
-------------------------------------------
+---------+--------------------+
|      key|               value|
+---------+--------------------+
|950864079|"Oct 2, 2020 5:30...|
+---------+--------------------+

-------------------------------------------
Batch: 72
-------------------------------------------
+--------+--------------------+
|     key|               value|
+--------+--------------------+
|11999763|"Oct 2, 2020 5:30...|
+--------+--------------------+

-------------------------------------------
Batch: 73
-------------------------------------------
+---------+--------------------+
|      key|               value|
+---------+--------------------+
|885813130|"Oct 2, 2020 5:30...|
+---------+--------------------+

-------------------------------------------
Batch: 74
-------------------------------------------
+---------+--------------------+
|      key|               value|
+---------+--------------------+
|723516970|"Oct 2, 2020 5:30...|
+---------+--------------------+

-------------------------------------------
Batch: 75
-------------------------------------------
+---------+--------------------+
|      key|               value|
+---------+--------------------+
|958539299|"Oct 2, 2020 5:31...|
+---------+--------------------+

-------------------------------------------
Batch: 76
-------------------------------------------
+--------+--------------------+
|     key|               value|
+--------+--------------------+
|98156800|"Oct 2, 2020 5:31...|
+--------+--------------------+

-------------------------------------------
Batch: 77
-------------------------------------------
+---------+--------------------+
|      key|               value|
+---------+--------------------+
|189109906|"Oct 2, 2020 5:31...|
+---------+--------------------+

-------------------------------------------
Batch: 78
-------------------------------------------
+---------+--------------------+
|      key|               value|
+---------+--------------------+
|952871398|"Oct 2, 2020 5:31...|
+---------+--------------------+

-------------------------------------------
Batch: 79
-------------------------------------------
+---------+--------------------+
|      key|               value|
+---------+--------------------+
|821157891|"Oct 2, 2020 5:31...|
+---------+--------------------+

-------------------------------------------
Batch: 80
-------------------------------------------
+---------+--------------------+
|      key|               value|
+---------+--------------------+
|737855770|"Oct 2, 2020 5:31...|
+---------+--------------------+

-------------------------------------------
Batch: 81
-------------------------------------------
+---------+--------------------+
|      key|               value|
+---------+--------------------+
|451267290|"Oct 2, 2020 5:31...|
+---------+--------------------+

-------------------------------------------
Batch: 82
-------------------------------------------
+---------+--------------------+
|      key|               value|
+---------+--------------------+
|270290546|"Oct 2, 2020 5:31...|
+---------+--------------------+

-------------------------------------------
Batch: 83
-------------------------------------------
+---------+--------------------+
|      key|               value|
+---------+--------------------+
|132750666|"Oct 2, 2020 5:31...|
+---------+--------------------+

-------------------------------------------
Batch: 84
-------------------------------------------
+---------+--------------------+
|      key|               value|
+---------+--------------------+
|940646066|"Oct 2, 2020 5:31...|
+---------+--------------------+

-------------------------------------------
Batch: 85
-------------------------------------------
+---------+--------------------+
|      key|               value|
+---------+--------------------+
|759831902|"Oct 2, 2020 5:31...|
+---------+--------------------+

-------------------------------------------
Batch: 86
-------------------------------------------
+---------+--------------------+
|      key|               value|
+---------+--------------------+
|966752684|"Oct 2, 2020 5:31...|
+---------+--------------------+

-------------------------------------------
Batch: 87
-------------------------------------------
+---------+--------------------+
|      key|               value|
+---------+--------------------+
|156519965|"Oct 2, 2020 5:31...|
+---------+--------------------+

-------------------------------------------
Batch: 88
-------------------------------------------
+---------+--------------------+
|      key|               value|
+---------+--------------------+
|697675641|"Oct 2, 2020 5:31...|
+---------+--------------------+

-------------------------------------------
Batch: 89
-------------------------------------------
+---------+--------------------+
|      key|               value|
+---------+--------------------+
|287716660|"Oct 2, 2020 5:31...|
+---------+--------------------+

-------------------------------------------
Batch: 90
-------------------------------------------
+---------+--------------------+
|      key|               value|
+---------+--------------------+
|787953832|"Oct 2, 2020 5:31...|
+---------+--------------------+

-------------------------------------------
Batch: 91
-------------------------------------------
+---------+--------------------+
|      key|               value|
+---------+--------------------+
|648862461|"Oct 2, 2020 5:31...|
+---------+--------------------+

-------------------------------------------
Batch: 92
-------------------------------------------
+---------+--------------------+
|      key|               value|
+---------+--------------------+
|563227770|"Oct 2, 2020 5:31...|
+---------+--------------------+

-------------------------------------------
Batch: 93
-------------------------------------------
+---------+--------------------+
|      key|               value|
+---------+--------------------+
|447154287|"Oct 2, 2020 5:31...|
+---------+--------------------+

-------------------------------------------
Batch: 94
-------------------------------------------
+--------+--------------------+
|     key|               value|
+--------+--------------------+
|56618604|"Oct 2, 2020 5:31...|
+--------+--------------------+

-------------------------------------------
Batch: 95
-------------------------------------------
+---------+--------------------+
|      key|               value|
+---------+--------------------+
|658963614|"Oct 2, 2020 5:31...|
+---------+--------------------+

-------------------------------------------
Batch: 96
-------------------------------------------
+---------+--------------------+
|      key|               value|
+---------+--------------------+
|493176824|"Oct 2, 2020 5:31...|
+---------+--------------------+

-------------------------------------------
Batch: 97
-------------------------------------------
+--------+--------------------+
|     key|               value|
+--------+--------------------+
|34482888|"Oct 2, 2020 5:31...|
+--------+--------------------+

-------------------------------------------
Batch: 98
-------------------------------------------
+---------+--------------------+
|      key|               value|
+---------+--------------------+
|950864079|"Oct 2, 2020 5:31...|
+---------+--------------------+

-------------------------------------------
Batch: 99
-------------------------------------------
+--------+--------------------+
|     key|               value|
+--------+--------------------+
|11999763|"Oct 2, 2020 5:31...|
+--------+--------------------+

-------------------------------------------
Batch: 100
-------------------------------------------
+---------+--------------------+
|      key|               value|
+---------+--------------------+
|885813130|"Oct 2, 2020 5:31...|
+---------+--------------------+

-------------------------------------------
Batch: 101
-------------------------------------------
+---------+--------------------+
|      key|               value|
+---------+--------------------+
|723516970|"Oct 2, 2020 5:31...|
+---------+--------------------+

-------------------------------------------
Batch: 102
-------------------------------------------
+---------+--------------------+
|      key|               value|
+---------+--------------------+
|958539299|"Oct 2, 2020 5:31...|
+---------+--------------------+

-------------------------------------------
Batch: 103
-------------------------------------------
+--------+--------------------+
|     key|               value|
+--------+--------------------+
|98156800|"Oct 2, 2020 5:31...|
+--------+--------------------+

-------------------------------------------
Batch: 104
-------------------------------------------
+---------+--------------------+
|      key|               value|
+---------+--------------------+
|189109906|"Oct 2, 2020 5:31...|
+---------+--------------------+

-------------------------------------------
Batch: 105
-------------------------------------------
+---------+--------------------+
|      key|               value|
+---------+--------------------+
|952871398|"Oct 2, 2020 5:32...|
+---------+--------------------+

-------------------------------------------
Batch: 106
-------------------------------------------
+---------+--------------------+
|      key|               value|
+---------+--------------------+
|821157891|"Oct 2, 2020 5:32...|
+---------+--------------------+

-------------------------------------------
Batch: 107
-------------------------------------------
+---------+--------------------+
|      key|               value|
+---------+--------------------+
|737855770|"Oct 2, 2020 5:32...|
+---------+--------------------+

-------------------------------------------
Batch: 108
-------------------------------------------
+---------+--------------------+
|      key|               value|
+---------+--------------------+
|451267290|"Oct 2, 2020 5:32...|
+---------+--------------------+

-------------------------------------------
Batch: 109
-------------------------------------------
+---------+--------------------+
|      key|               value|
+---------+--------------------+
|270290546|"Oct 2, 2020 5:32...|
+---------+--------------------+

-------------------------------------------
Batch: 110
-------------------------------------------
+---------+--------------------+
|      key|               value|
+---------+--------------------+
|132750666|"Oct 2, 2020 5:32...|
+---------+--------------------+

-------------------------------------------
Batch: 111
-------------------------------------------
+---------+--------------------+
|      key|               value|
+---------+--------------------+
|940646066|"Oct 2, 2020 5:32...|
+---------+--------------------+

-------------------------------------------
Batch: 112
-------------------------------------------
+---------+--------------------+
|      key|               value|
+---------+--------------------+
|759831902|"Oct 2, 2020 5:32...|
+---------+--------------------+

-------------------------------------------
Batch: 113
-------------------------------------------
+---------+--------------------+
|      key|               value|
+---------+--------------------+
|966752684|"Oct 2, 2020 5:32...|
+---------+--------------------+

-------------------------------------------
Batch: 114
-------------------------------------------
+---------+--------------------+
|      key|               value|
+---------+--------------------+
|156519965|"Oct 2, 2020 5:32...|
+---------+--------------------+

-------------------------------------------
Batch: 115
-------------------------------------------
+---------+--------------------+
|      key|               value|
+---------+--------------------+
|697675641|"Oct 2, 2020 5:32...|
+---------+--------------------+

-------------------------------------------
Batch: 116
-------------------------------------------
+---------+--------------------+
|      key|               value|
+---------+--------------------+
|287716660|"Oct 2, 2020 5:32...|
+---------+--------------------+

-------------------------------------------
Batch: 117
-------------------------------------------
+---------+--------------------+
|      key|               value|
+---------+--------------------+
|787953832|"Oct 2, 2020 5:32...|
+---------+--------------------+

-------------------------------------------
Batch: 118
-------------------------------------------
+---------+--------------------+
|      key|               value|
+---------+--------------------+
|648862461|"Oct 2, 2020 5:32...|
+---------+--------------------+

-------------------------------------------
Batch: 119
-------------------------------------------
+---------+--------------------+
|      key|               value|
+---------+--------------------+
|563227770|"Oct 2, 2020 5:32...|
+---------+--------------------+

-------------------------------------------
Batch: 120
-------------------------------------------
+---------+--------------------+
|      key|               value|
+---------+--------------------+
|447154287|"Oct 2, 2020 5:32...|
+---------+--------------------+

-------------------------------------------
Batch: 121
-------------------------------------------
+--------+--------------------+
|     key|               value|
+--------+--------------------+
|56618604|"Oct 2, 2020 5:32...|
+--------+--------------------+

-------------------------------------------
Batch: 122
-------------------------------------------
+---------+--------------------+
|      key|               value|
+---------+--------------------+
|658963614|"Oct 2, 2020 5:32...|
+---------+--------------------+

-------------------------------------------
Batch: 123
-------------------------------------------
+---------+--------------------+
|      key|               value|
+---------+--------------------+
|493176824|"Oct 2, 2020 5:32...|
+---------+--------------------+

-------------------------------------------
Batch: 124
-------------------------------------------
+--------+--------------------+
|     key|               value|
+--------+--------------------+
|34482888|"Oct 2, 2020 5:32...|
+--------+--------------------+

