-------------------------------------------
Batch: 0
-------------------------------------------
+----+-------+
| key|  value|
+----+-------+
|7241|Neutral|
|8971|  Drive|
|7584|Reverse|
|7003|Reverse|
|4034|  Drive|
|4696|Reverse|
|5169|Neutral|
|9142|Neutral|
|8450|Neutral|
|3282|Reverse|
| 199|Reverse|
|3459|Reverse|
|3036|Reverse|
|4129|  Drive|
|3712|Reverse|
|6428|  Drive|
|5518|  Drive|
|1856|Reverse|
| 918|Neutral|
|7274|Reverse|
+----+-------+
only showing top 20 rows

-------------------------------------------
Batch: 1
-------------------------------------------
+----+-------+
| key|  value|
+----+-------+
|7003|Neutral|
|4034|Reverse|
|4696|  Drive|
|5169|  Drive|
+----+-------+

-------------------------------------------
Batch: 2
-------------------------------------------
+----+-------+
| key|  value|
+----+-------+
|9142|Neutral|
+----+-------+

-------------------------------------------
Batch: 3
-------------------------------------------
+----+-------+
| key|  value|
+----+-------+
|8450|Neutral|
+----+-------+

