Spark Command: /usr/lib/jvm/java-8-openjdk-amd64/jre/bin/java -cp /data/spark/conf/:/data/spark/jars/* -Xmx1g org.apache.spark.deploy.master.Master --host 3895e8ecfafc --port 7077 --webui-port 8080
========================================
Using Spark's default log4j profile: org/apache/spark/log4j-defaults.properties
20/10/05 14:08:41 INFO Master: Started daemon with process name: 1577@3895e8ecfafc
20/10/05 14:08:41 INFO SignalUtils: Registered signal handler for TERM
20/10/05 14:08:41 INFO SignalUtils: Registered signal handler for HUP
20/10/05 14:08:41 INFO SignalUtils: Registered signal handler for INT
20/10/05 14:08:43 WARN NativeCodeLoader: Unable to load native-hadoop library for your platform... using builtin-java classes where applicable
20/10/05 14:08:43 INFO SecurityManager: Changing view acls to: root
20/10/05 14:08:43 INFO SecurityManager: Changing modify acls to: root
20/10/05 14:08:43 INFO SecurityManager: Changing view acls groups to: 
20/10/05 14:08:43 INFO SecurityManager: Changing modify acls groups to: 
20/10/05 14:08:43 INFO SecurityManager: SecurityManager: authentication disabled; ui acls disabled; users  with view permissions: Set(root); groups with view permissions: Set(); users  with modify permissions: Set(root); groups with modify permissions: Set()
20/10/05 14:08:44 INFO Utils: Successfully started service 'sparkMaster' on port 7077.
20/10/05 14:08:45 INFO Master: Starting Spark master at spark://3895e8ecfafc:7077
20/10/05 14:08:45 INFO Master: Running Spark version 2.4.6
20/10/05 14:08:45 INFO Utils: Successfully started service 'MasterUI' on port 8080.
20/10/05 14:08:45 INFO MasterWebUI: Bound MasterWebUI to 0.0.0.0, and started at http://3895e8ecfafc:8080
20/10/05 14:08:46 INFO Master: I have been elected leader! New state: ALIVE
20/10/05 14:09:46 INFO Master: Registering worker 172.18.0.2:46865 with 2 cores, 6.3 GB RAM
