Spark Command: /usr/lib/jvm/java-8-openjdk-amd64/jre/bin/java -cp /data/spark/conf/:/data/spark/jars/* -Xmx1g org.apache.spark.deploy.worker.Worker --webui-port 8081 spark://ffbe5fb8f4c7:7077
========================================
Using Spark's default log4j profile: org/apache/spark/log4j-defaults.properties
20/10/02 16:23:02 INFO Worker: Started daemon with process name: 1797@ffbe5fb8f4c7
20/10/02 16:23:02 INFO SignalUtils: Registered signal handler for TERM
20/10/02 16:23:02 INFO SignalUtils: Registered signal handler for HUP
20/10/02 16:23:02 INFO SignalUtils: Registered signal handler for INT
20/10/02 16:23:04 WARN NativeCodeLoader: Unable to load native-hadoop library for your platform... using builtin-java classes where applicable
20/10/02 16:23:04 INFO SecurityManager: Changing view acls to: root
20/10/02 16:23:04 INFO SecurityManager: Changing modify acls to: root
20/10/02 16:23:04 INFO SecurityManager: Changing view acls groups to: 
20/10/02 16:23:04 INFO SecurityManager: Changing modify acls groups to: 
20/10/02 16:23:04 INFO SecurityManager: SecurityManager: authentication disabled; ui acls disabled; users  with view permissions: Set(root); groups with view permissions: Set(); users  with modify permissions: Set(root); groups with modify permissions: Set()
20/10/02 16:23:05 INFO Utils: Successfully started service 'sparkWorker' on port 42207.
20/10/02 16:23:05 INFO Worker: Starting Spark worker 172.18.0.2:42207 with 2 cores, 6.3 GB RAM
20/10/02 16:23:05 INFO Worker: Running Spark version 2.4.6
20/10/02 16:23:05 INFO Worker: Spark home: /data/spark
20/10/02 16:23:06 WARN Utils: Service 'WorkerUI' could not bind on port 8081. Attempting port 8082.
20/10/02 16:23:06 WARN Utils: Service 'WorkerUI' could not bind on port 8082. Attempting port 8083.
20/10/02 16:23:06 WARN Utils: Service 'WorkerUI' could not bind on port 8083. Attempting port 8084.
20/10/02 16:23:06 INFO Utils: Successfully started service 'WorkerUI' on port 8084.
20/10/02 16:23:06 INFO WorkerWebUI: Bound WorkerWebUI to 0.0.0.0, and started at http://ffbe5fb8f4c7:8084
20/10/02 16:23:06 INFO Worker: Connecting to master ffbe5fb8f4c7:7077...
20/10/02 16:23:06 INFO TransportClientFactory: Successfully created connection to ffbe5fb8f4c7/172.18.0.2:7077 after 147 ms (0 ms spent in bootstraps)
20/10/02 16:23:06 INFO Worker: Successfully registered with master spark://ffbe5fb8f4c7:7077
