Spark Command: /usr/lib/jvm/java-8-openjdk-amd64/jre/bin/java -cp /data/spark/conf/:/data/spark/jars/* -Xmx1g org.apache.spark.deploy.worker.Worker --webui-port 8081 spark://36df3fbd8896:7077
========================================
Using Spark's default log4j profile: org/apache/spark/log4j-defaults.properties
20/10/09 01:30:20 INFO Worker: Started daemon with process name: 1094@36df3fbd8896
20/10/09 01:30:20 INFO SignalUtils: Registered signal handler for TERM
20/10/09 01:30:20 INFO SignalUtils: Registered signal handler for HUP
20/10/09 01:30:20 INFO SignalUtils: Registered signal handler for INT
20/10/09 01:30:22 WARN NativeCodeLoader: Unable to load native-hadoop library for your platform... using builtin-java classes where applicable
20/10/09 01:30:22 INFO SecurityManager: Changing view acls to: root
20/10/09 01:30:22 INFO SecurityManager: Changing modify acls to: root
20/10/09 01:30:22 INFO SecurityManager: Changing view acls groups to: 
20/10/09 01:30:22 INFO SecurityManager: Changing modify acls groups to: 
20/10/09 01:30:22 INFO SecurityManager: SecurityManager: authentication disabled; ui acls disabled; users  with view permissions: Set(root); groups with view permissions: Set(); users  with modify permissions: Set(root); groups with modify permissions: Set()
20/10/09 01:30:24 INFO Utils: Successfully started service 'sparkWorker' on port 35283.
20/10/09 01:30:25 INFO Worker: Starting Spark worker 172.18.0.2:35283 with 2 cores, 6.3 GB RAM
20/10/09 01:30:25 INFO Worker: Running Spark version 2.4.6
20/10/09 01:30:25 INFO Worker: Spark home: /data/spark
20/10/09 01:30:26 INFO Utils: Successfully started service 'WorkerUI' on port 8081.
20/10/09 01:30:26 INFO WorkerWebUI: Bound WorkerWebUI to 0.0.0.0, and started at http://36df3fbd8896:8081
20/10/09 01:30:26 INFO Worker: Connecting to master 36df3fbd8896:7077...
20/10/09 01:30:27 INFO TransportClientFactory: Successfully created connection to 36df3fbd8896/172.18.0.2:7077 after 277 ms (0 ms spent in bootstraps)
20/10/09 01:30:28 INFO Worker: Successfully registered with master spark://36df3fbd8896:7077
