Spark Command: /usr/lib/jvm/java-8-openjdk-amd64/jre/bin/java -cp /data/spark/conf/:/data/spark/jars/* -Xmx1g org.apache.spark.deploy.worker.Worker --webui-port 8081 spark://a282373ce149:7077
========================================
Using Spark's default log4j profile: org/apache/spark/log4j-defaults.properties
20/10/24 17:47:32 INFO Worker: Started daemon with process name: 1651@a282373ce149
20/10/24 17:47:32 INFO SignalUtils: Registered signal handler for TERM
20/10/24 17:47:32 INFO SignalUtils: Registered signal handler for HUP
20/10/24 17:47:32 INFO SignalUtils: Registered signal handler for INT
20/10/24 17:47:34 WARN NativeCodeLoader: Unable to load native-hadoop library for your platform... using builtin-java classes where applicable
20/10/24 17:47:34 INFO SecurityManager: Changing view acls to: root
20/10/24 17:47:34 INFO SecurityManager: Changing modify acls to: root
20/10/24 17:47:34 INFO SecurityManager: Changing view acls groups to: 
20/10/24 17:47:34 INFO SecurityManager: Changing modify acls groups to: 
20/10/24 17:47:34 INFO SecurityManager: SecurityManager: authentication disabled; ui acls disabled; users  with view permissions: Set(root); groups with view permissions: Set(); users  with modify permissions: Set(root); groups with modify permissions: Set()
20/10/24 17:47:35 INFO Utils: Successfully started service 'sparkWorker' on port 40845.
20/10/24 17:47:35 INFO Worker: Starting Spark worker 172.18.0.2:40845 with 2 cores, 6.3 GB RAM
20/10/24 17:47:35 INFO Worker: Running Spark version 2.4.6
20/10/24 17:47:35 INFO Worker: Spark home: /data/spark
20/10/24 17:47:36 WARN Utils: Service 'WorkerUI' could not bind on port 8081. Attempting port 8082.
20/10/24 17:47:36 WARN Utils: Service 'WorkerUI' could not bind on port 8082. Attempting port 8083.
20/10/24 17:47:36 WARN Utils: Service 'WorkerUI' could not bind on port 8083. Attempting port 8084.
20/10/24 17:47:36 INFO Utils: Successfully started service 'WorkerUI' on port 8084.
20/10/24 17:47:36 INFO WorkerWebUI: Bound WorkerWebUI to 0.0.0.0, and started at http://a282373ce149:8084
20/10/24 17:47:36 INFO Worker: Connecting to master a282373ce149:7077...
20/10/24 17:47:36 INFO TransportClientFactory: Successfully created connection to a282373ce149/172.18.0.2:7077 after 77 ms (0 ms spent in bootstraps)
20/10/24 17:47:36 INFO Worker: Successfully registered with master spark://a282373ce149:7077
