-------------------------------------------
Batch: 0
-------------------------------------------
+---------+--------+
|      key|   value|
+---------+--------+
|473264492|58865.27|
|274799783|94244.86|
|487873762|22373.13|
|559793584|16227.28|
|275467240|86621.91|
|937445990|40362.50|
|473093267|18792.43|
|874431144| 5618.23|
| 98461915|47724.46|
|808594512|16733.38|
|715489904| 89290.0|
|783493507|41253.14|
|905294268| 9219.95|
|157134826|77405.18|
|902910709|65770.41|
|267111176|41992.91|
|543646193|61675.79|
|790892810| 7947.42|
|196412851|35242.63|
|794975686|36151.80|
+---------+--------+
only showing top 20 rows

-------------------------------------------
Batch: 1
-------------------------------------------
+---------+--------+
|      key|   value|
+---------+--------+
|559793584|99810.90|
|275467240|15181.11|
+---------+--------+

-------------------------------------------
Batch: 2
-------------------------------------------
+---------+--------+
|      key|   value|
+---------+--------+
|937445990|80682.57|
+---------+--------+

-------------------------------------------
Batch: 3
-------------------------------------------
+---------+-------+
|      key|  value|
+---------+-------+
|473093267|91707.1|
+---------+-------+

-------------------------------------------
Batch: 4
-------------------------------------------
+---------+--------+
|      key|   value|
+---------+--------+
|874431144|56790.73|
+---------+--------+

-------------------------------------------
Batch: 5
-------------------------------------------
+--------+--------+
|     key|   value|
+--------+--------+
|98461915|75338.77|
+--------+--------+

-------------------------------------------
Batch: 6
-------------------------------------------
+---------+--------+
|      key|   value|
+---------+--------+
|808594512|16940.54|
+---------+--------+

-------------------------------------------
Batch: 7
-------------------------------------------
+---------+--------+
|      key|   value|
+---------+--------+
|715489904|44678.44|
+---------+--------+

-------------------------------------------
Batch: 8
-------------------------------------------
+---------+--------+
|      key|   value|
+---------+--------+
|783493507|31337.71|
+---------+--------+

-------------------------------------------
Batch: 9
-------------------------------------------
+---------+--------+
|      key|   value|
+---------+--------+
|905294268|28623.44|
+---------+--------+

-------------------------------------------
Batch: 10
-------------------------------------------
+---------+--------+
|      key|   value|
+---------+--------+
|157134826|14895.62|
+---------+--------+

-------------------------------------------
Batch: 11
-------------------------------------------
+---------+--------+
|      key|   value|
+---------+--------+
|902910709|47778.98|
+---------+--------+

-------------------------------------------
Batch: 12
-------------------------------------------
+---------+--------+
|      key|   value|
+---------+--------+
|267111176|44382.84|
+---------+--------+

-------------------------------------------
Batch: 13
-------------------------------------------
+---------+--------+
|      key|   value|
+---------+--------+
|543646193|64657.73|
+---------+--------+

-------------------------------------------
Batch: 14
-------------------------------------------
+---------+-------+
|      key|  value|
+---------+-------+
|790892810|3873.39|
+---------+-------+

-------------------------------------------
Batch: 15
-------------------------------------------
+---------+--------+
|      key|   value|
+---------+--------+
|196412851|97153.89|
+---------+--------+

