Spark Command: /usr/lib/jvm/java-8-openjdk-amd64/jre/bin/java -cp /data/spark/conf/:/data/spark/jars/* -Xmx1g org.apache.spark.deploy.worker.Worker --webui-port 8081 spark://92278642c4c0:7077
========================================
Using Spark's default log4j profile: org/apache/spark/log4j-defaults.properties
21/06/02 14:09:00 INFO Worker: Started daemon with process name: 1650@92278642c4c0
21/06/02 14:09:00 INFO SignalUtils: Registered signal handler for TERM
21/06/02 14:09:00 INFO SignalUtils: Registered signal handler for HUP
21/06/02 14:09:00 INFO SignalUtils: Registered signal handler for INT
21/06/02 14:09:01 WARN NativeCodeLoader: Unable to load native-hadoop library for your platform... using builtin-java classes where applicable
21/06/02 14:09:01 INFO SecurityManager: Changing view acls to: root
21/06/02 14:09:01 INFO SecurityManager: Changing modify acls to: root
21/06/02 14:09:01 INFO SecurityManager: Changing view acls groups to: 
21/06/02 14:09:01 INFO SecurityManager: Changing modify acls groups to: 
21/06/02 14:09:01 INFO SecurityManager: SecurityManager: authentication disabled; ui acls disabled; users  with view permissions: Set(root); groups with view permissions: Set(); users  with modify permissions: Set(root); groups with modify permissions: Set()
21/06/02 14:09:02 INFO Utils: Successfully started service 'sparkWorker' on port 44287.
21/06/02 14:09:02 INFO Worker: Starting Spark worker 172.18.0.2:44287 with 2 cores, 6.3 GB RAM
21/06/02 14:09:02 INFO Worker: Running Spark version 2.4.6
21/06/02 14:09:02 INFO Worker: Spark home: /data/spark
21/06/02 14:09:03 WARN Utils: Service 'WorkerUI' could not bind on port 8081. Attempting port 8082.
21/06/02 14:09:03 WARN Utils: Service 'WorkerUI' could not bind on port 8082. Attempting port 8083.
21/06/02 14:09:03 WARN Utils: Service 'WorkerUI' could not bind on port 8083. Attempting port 8084.
21/06/02 14:09:03 INFO Utils: Successfully started service 'WorkerUI' on port 8084.
21/06/02 14:09:03 INFO WorkerWebUI: Bound WorkerWebUI to 0.0.0.0, and started at http://92278642c4c0:8084
21/06/02 14:09:03 INFO Worker: Connecting to master 92278642c4c0:7077...
21/06/02 14:09:03 INFO TransportClientFactory: Successfully created connection to 92278642c4c0/172.18.0.2:7077 after 104 ms (0 ms spent in bootstraps)
21/06/02 14:09:03 INFO Worker: Successfully registered with master spark://92278642c4c0:7077
