-------------------------------------------
Batch: 0
-------------------------------------------
+---------------------+--------+---------------------+------------+---------+
|locationAccountNumber|location|customerAccountNumber|homeLocation|birthYear|
+---------------------+--------+---------------------+------------+---------+
+---------------------+--------+---------------------+------------+---------+

-------------------------------------------
Batch: 1
-------------------------------------------
+---------------------+---------+---------------------+------------+---------+
|locationAccountNumber| location|customerAccountNumber|homeLocation|birthYear|
+---------------------+---------+---------------------+------------+---------+
|            805099230|Australia|            805099230|   Australia|     1965|
+---------------------+---------+---------------------+------------+---------+

-------------------------------------------
Batch: 2
-------------------------------------------
+---------------------+-----------+---------------------+------------+---------+
|locationAccountNumber|   location|customerAccountNumber|homeLocation|birthYear|
+---------------------+-----------+---------------------+------------+---------+
|            982019843|  Australia|            982019843|   Australia|     1943|
|             75837758|    Nigeria|             75837758|     Nigeria|     1954|
|             75837758|    Nigeria|             75837758|     Nigeria|     1954|
|            581813546|Phillipines|            581813546| Phillipines|     1939|
|            965659540|   Thailand|            965659540|    Thailand|     1959|
|            965659540|   Thailand|            965659540|    Thailand|     1959|
|            695441972|  Indonesia|            695441972|   Indonesia|     1955|
|            695441972|  Indonesia|            695441972|   Indonesia|     1955|
|            202338628|      China|            202338628|       China|     1944|
|             33621529|     Mexico|             33621529|      Mexico|     1941|
|            266358287|     Uganda|            266358287|      Uganda|     1946|
|            127156307|       Iraq|            127156307|        Iraq|     1958|
|            127156307|       Iraq|            127156307|        Iraq|     1958|
|            778434943|New Zealand|            778434943| New Zealand|     1952|
|            778434943|New Zealand|            778434943| New Zealand|     1952|
|            738844826|      Egypt|            738844826|       Egypt|     1947|
|            805099230|  Australia|            805099230|   Australia|     1965|
|            128705687|     France|            128705687|      France|     1964|
|            128705687|     Jordan|            128705687|      France|     1964|
|            527665995|   DR Congo|            527665995|    DR Congo|     1942|
+---------------------+-----------+---------------------+------------+---------+
only showing top 20 rows

-------------------------------------------
Batch: 3
-------------------------------------------
+---------------------+-----------+---------------------+------------+---------+
|locationAccountNumber|   location|customerAccountNumber|homeLocation|birthYear|
+---------------------+-----------+---------------------+------------+---------+
|            982019843|  Australia|            982019843|   Australia|     1943|
|            581813546|Phillipines|            581813546| Phillipines|     1939|
|            202338628|Phillipines|            202338628|       China|     1944|
|             33621529|     Mexico|             33621529|      Mexico|     1941|
|            266358287|     Canada|            266358287|      Uganda|     1946|
|            738844826|      Egypt|            738844826|       Egypt|     1947|
|            128705687|    Ukraine|            128705687|      France|     1964|
|            527665995|   DR Congo|            527665995|    DR Congo|     1942|
|            277678857|  Indonesia|            277678857|   Indonesia|     1937|
|            402412203|   DR Congo|            402412203|    DR Congo|     1945|
+---------------------+-----------+---------------------+------------+---------+

