-------------------------------------------
Batch: 0
-------------------------------------------
+----+-----+
| key|value|
+----+-----+
|7241|   18|
|8971|   67|
|7584|    6|
|7003|   12|
|4034|   19|
|4696|   36|
|5169|   78|
|9142|   39|
|8450|   33|
|3282|   63|
| 199|   50|
|3459|   68|
|3036|   80|
|4129|   83|
|3712|   83|
|6428|    6|
|5518|   76|
|1856|   16|
| 918|   57|
|7274|   39|
+----+-----+
only showing top 20 rows

-------------------------------------------
Batch: 1
-------------------------------------------
+----+-----+
| key|value|
+----+-----+
|8450|    2|
|3282|   30|
| 199|    9|
|3459|   27|
+----+-----+

