-------------------------------------------
Batch: 0
-------------------------------------------
+----+-----+
| key|value|
+----+-----+
|7241|   18|
|8971|   67|
|7584|    6|
|7003|   12|
|4034|   19|
|4696|   36|
|5169|   78|
|9142|   39|
|8450|   33|
|3282|   63|
| 199|   50|
|3459|   68|
|3036|   80|
|4129|   83|
|3712|   83|
|6428|    6|
|5518|   76|
|1856|   16|
| 918|   57|
|7274|   39|
+----+-----+
only showing top 20 rows

-------------------------------------------
Batch: 1
-------------------------------------------
+----+-----+
| key|value|
+----+-----+
|3459|   63|
|3036|   74|
|4129|   75|
|3712|   74|
+----+-----+

-------------------------------------------
Batch: 2
-------------------------------------------
+----+-----+
| key|value|
+----+-----+
|6428|    0|
+----+-----+

-------------------------------------------
Batch: 3
-------------------------------------------
+----+-----+
| key|value|
+----+-----+
|5518|   68|
+----+-----+

-------------------------------------------
Batch: 4
-------------------------------------------
+----+-----+
| key|value|
+----+-----+
|1856|    9|
+----+-----+

-------------------------------------------
Batch: 5
-------------------------------------------
+---+-----+
|key|value|
+---+-----+
|918|   53|
+---+-----+

-------------------------------------------
Batch: 6
-------------------------------------------
+----+-----+
| key|value|
+----+-----+
|7274|   28|
+----+-----+

